2026-02-12 18:06:20,618 [INFO] cargomax_app.config.settings - Logging initialized. DB at D:\New folder\Sena\Project\senashipping_app_data\senashipping.db
2026-02-12 18:09:08,846 [INFO] cargomax_app.config.settings - Logging initialized. DB at D:\New folder\Sena\Project\senashipping_app_data\senashipping.db
2026-02-15 09:35:22,901 [INFO] cargomax_app.config.settings - Logging initialized. DB at D:\New folder\Sena\Project\senashipping_app_data\senashipping.db
2026-02-15 09:56:09,268 [INFO] cargomax_app.config.settings - Logging initialized. DB at D:\New folder\Sena\Project\senashipping_app_data\senashipping.db
2026-02-15 09:58:03,579 [INFO] cargomax_app.config.settings - Logging initialized. DB at D:\New folder\Sena\Project\senashipping_app_data\senashipping.db
2026-02-15 09:59:15,593 [INFO] cargomax_app.config.settings - Logging initialized. DB at D:\New folder\Sena\Project\senashipping_app_data\senashipping.db
2026-02-15 10:00:03,231 [INFO] cargomax_app.config.settings - Logging initialized. DB at D:\New folder\Sena\Project\senashipping_app_data\senashipping.db
2026-02-15 10:00:57,383 [INFO] cargomax_app.config.settings - Logging initialized. DB at D:\New folder\Sena\Project\senashipping_app_data\senashipping.db
2026-02-15 10:02:56,556 [INFO] cargomax_app.config.settings - Logging initialized. DB at D:\New folder\Sena\Project\senashipping_app_data\senashipping.db
2026-02-15 10:04:23,517 [INFO] cargomax_app.config.settings - Logging initialized. DB at D:\New folder\Sena\Project\senashipping_app_data\senashipping.db
2026-02-15 10:16:18,055 [INFO] cargomax_app.config.settings - Logging initialized. DB at D:\New folder\Sena\Project\senashipping_app_data\senashipping.db
2026-02-15 10:31:33,181 [INFO] cargomax_app.config.settings - Logging initialized. DB at D:\New folder\Sena\Project\senashipping_app_data\senashipping.db
2026-02-15 10:41:37,800 [INFO] cargomax_app.config.settings - Logging initialized. DB at D:\New folder\Sena\Project\senashipping_app_data\senashipping.db
2026-02-15 10:43:44,981 [INFO] cargomax_app.config.settings - Logging initialized. DB at D:\New folder\Sena\Project\senashipping_app_data\senashipping.db
2026-02-15 10:54:36,307 [INFO] cargomax_app.config.settings - Logging initialized. DB at D:\New folder\Sena\Project\senashipping_app_data\senashipping.db
2026-02-15 10:59:26,786 [INFO] cargomax_app.config.settings - Logging initialized. DB at D:\New folder\Sena\Project\senashipping_app_data\senashipping.db
2026-02-15 11:01:01,911 [INFO] cargomax_app.config.settings - Logging initialized. DB at D:\New folder\Sena\Project\senashipping_app_data\senashipping.db
2026-02-15 11:03:42,194 [INFO] cargomax_app.config.settings - Logging initialized. DB at D:\New folder\Sena\Project\senashipping_app_data\senashipping.db
2026-02-15 11:04:53,711 [INFO] cargomax_app.config.settings - Logging initialized. DB at D:\New folder\Sena\Project\senashipping_app_data\senashipping.db
2026-02-15 11:05:53,517 [INFO] cargomax_app.config.settings - Logging initialized. DB at D:\New folder\Sena\Project\senashipping_app_data\senashipping.db
2026-02-15 11:06:46,604 [INFO] cargomax_app.config.settings - Logging initialized. DB at D:\New folder\Sena\Project\senashipping_app_data\senashipping.db
2026-02-15 11:07:16,990 [INFO] cargomax_app.config.settings - Logging initialized. DB at D:\New folder\Sena\Project\senashipping_app_data\senashipping.db
2026-02-15 11:07:38,143 [INFO] cargomax_app.config.settings - Logging initialized. DB at D:\New folder\Sena\Project\senashipping_app_data\senashipping.db
2026-02-15 11:07:53,571 [INFO] cargomax_app.config.settings - Logging initialized. DB at D:\New folder\Sena\Project\senashipping_app_data\senashipping.db
2026-02-15 11:08:11,281 [INFO] cargomax_app.config.settings - Logging initialized. DB at D:\New folder\Sena\Project\senashipping_app_data\senashipping.db
2026-02-15 11:09:17,548 [INFO] cargomax_app.config.settings - Logging initialized. DB at D:\New folder\Sena\Project\senashipping_app_data\senashipping.db
2026-02-15 11:11:20,528 [INFO] cargomax_app.config.settings - Logging initialized. DB at D:\New folder\Sena\Project\senashipping_app_data\senashipping.db
2026-02-15 11:11:39,857 [INFO] cargomax_app.config.settings - Logging initialized. DB at D:\New folder\Sena\Project\senashipping_app_data\senashipping.db
2026-02-15 11:12:11,043 [INFO] cargomax_app.config.settings - Logging initialized. DB at D:\New folder\Sena\Project\senashipping_app_data\senashipping.db
2026-02-15 11:12:36,727 [INFO] cargomax_app.config.settings - Logging initialized. DB at D:\New folder\Sena\Project\senashipping_app_data\senashipping.db
2026-02-15 11:12:56,884 [INFO] cargomax_app.config.settings - Logging initialized. DB at D:\New folder\Sena\Project\senashipping_app_data\senashipping.db
2026-02-15 11:15:40,607 [INFO] cargomax_app.config.settings - Logging initialized. DB at D:\New folder\Sena\Project\senashipping_app_data\senashipping.db
2026-02-15 11:16:00,798 [INFO] cargomax_app.config.settings - Logging initialized. DB at D:\New folder\Sena\Project\senashipping_app_data\senashipping.db
2026-02-15 11:16:21,981 [INFO] cargomax_app.config.settings - Logging initialized. DB at D:\New folder\Sena\Project\senashipping_app_data\senashipping.db
2026-02-15 11:16:33,037 [INFO] cargomax_app.config.settings - Logging initialized. DB at D:\New folder\Sena\Project\senashipping_app_data\senashipping.db
2026-02-15 11:17:36,126 [INFO] cargomax_app.config.settings - Logging initialized. DB at D:\New folder\Sena\Project\senashipping_app_data\senashipping.db
2026-02-15 11:18:55,350 [INFO] cargomax_app.config.settings - Logging initialized. DB at D:\New folder\Sena\Project\senashipping_app_data\senashipping.db
2026-02-15 11:21:36,317 [INFO] cargomax_app.config.settings - Logging initialized. DB at D:\New folder\Sena\Project\senashipping_app_data\senashipping.db
2026-02-15 11:57:18,785 [INFO] cargomax_app.config.settings - Logging initialized. DB at D:\New folder\Sena\Project\senashipping_app_data\senashipping.db
2026-02-15 12:01:28,822 [INFO] cargomax_app.config.settings - Logging initialized. DB at D:\New folder\Sena\Project\senashipping_app_data\senashipping.db
2026-02-15 12:43:02,145 [INFO] cargomax_app.config.settings - Logging initialized. DB at D:\New folder\Sena\Project\senashipping_app_data\senashipping.db
2026-02-15 12:57:31,758 [INFO] cargomax_app.config.settings - Logging initialized. DB at D:\New folder\Sena\Project\senashipping_app_data\senashipping.db
2026-02-15 13:14:40,890 [INFO] cargomax_app.config.settings - Logging initialized. DB at D:\New folder\Sena\Project\senashipping_app_data\senashipping.db
2026-02-15 13:25:26,019 [INFO] cargomax_app.config.settings - Logging initialized. DB at D:\New folder\Sena\Project\senashipping_app_data\senashipping.db
2026-02-15 13:49:20,360 [INFO] cargomax_app.config.settings - Logging initialized. DB at D:\New folder\Sena\Project\senashipping_app_data\senashipping.db
2026-02-15 13:51:56,002 [INFO] cargomax_app.config.settings - Logging initialized. DB at D:\New folder\Sena\Project\senashipping_app_data\senashipping.db
2026-02-15 13:52:37,212 [INFO] cargomax_app.config.settings - Logging initialized. DB at D:\New folder\Sena\Project\senashipping_app_data\senashipping.db
2026-02-15 13:55:20,541 [INFO] cargomax_app.config.settings - Logging initialized. DB at D:\New folder\Sena\Project\senashipping_app_data\senashipping.db
2026-02-15 14:00:21,772 [INFO] cargomax_app.config.settings - Logging initialized. DB at D:\New folder\Sena\Project\senashipping_app_data\senashipping.db
2026-02-15 14:18:54,067 [INFO] cargomax_app.config.settings - Logging initialized. DB at D:\New folder\Sena\Project\senashipping_app_data\senashipping.db
2026-02-15 14:19:55,973 [INFO] cargomax_app.config.settings - Logging initialized. DB at D:\New folder\Sena\Project\senashipping_app_data\senashipping.db
2026-02-15 14:24:09,565 [INFO] cargomax_app.config.settings - Logging initialized. DB at D:\New folder\Sena\Project\senashipping_app_data\senashipping.db
2026-02-15 14:30:27,968 [INFO] cargomax_app.config.settings - Logging initialized. DB at D:\New folder\Sena\Project\senashipping_app_data\senashipping.db
2026-02-15 14:39:56,412 [INFO] cargomax_app.config.settings - Logging initialized. DB at D:\New folder\Sena\Project\senashipping_app_data\senashipping.db
2026-02-15 14:55:43,386 [INFO] cargomax_app.config.settings - Logging initialized. DB at D:\New folder\Sena\Project\senashipping_app_data\senashipping.db
2026-02-15 15:05:30,609 [INFO] cargomax_app.config.settings - Logging initialized. DB at D:\New folder\Sena\Project\senashipping_app_data\senashipping.db
2026-02-15 15:08:10,081 [INFO] cargomax_app.config.settings - Logging initialized. DB at D:\New folder\Sena\Project\senashipping_app_data\senashipping.db
2026-02-15 16:03:43,664 [INFO] cargomax_app.config.settings - Logging initialized. DB at D:\New folder\Sena\Project\senashipping_app_data\senashipping.db
2026-02-15 16:31:19,667 [INFO] cargomax_app.config.settings - Logging initialized. DB at D:\New folder\Sena\Project\senashipping_app_data\senashipping.db
2026-02-15 16:32:48,776 [INFO] cargomax_app.config.settings - Logging initialized. DB at D:\New folder\Sena\Project\senashipping_app_data\senashipping.db
2026-02-15 16:37:50,783 [INFO] cargomax_app.config.settings - Logging initialized. DB at D:\New folder\Sena\Project\senashipping_app_data\senashipping.db
2026-02-15 16:47:12,146 [INFO] cargomax_app.config.settings - Logging initialized. DB at D:\New folder\Sena\Project\senashipping_app_data\senashipping.db
2026-02-15 17:04:50,138 [INFO] cargomax_app.config.settings - Logging initialized. DB at D:\New folder\Sena\Project\senashipping_app_data\senashipping.db
2026-02-15 17:26:11,210 [INFO] cargomax_app.config.settings - Logging initialized. DB at D:\New folder\Sena\Project\senashipping_app_data\senashipping.db
2026-02-15 17:39:26,849 [INFO] cargomax_app.config.settings - Logging initialized. DB at D:\New folder\Sena\Project\senashipping_app_data\senashipping.db
2026-02-15 17:40:42,023 [INFO] cargomax_app.config.settings - Logging initialized. DB at D:\New folder\Sena\Project\senashipping_app_data\senashipping.db
2026-02-15 17:42:24,523 [INFO] cargomax_app.config.settings - Logging initialized. DB at D:\New folder\Sena\Project\senashipping_app_data\senashipping.db
2026-02-15 17:43:36,515 [INFO] cargomax_app.config.settings - Logging initialized. DB at D:\New folder\Sena\Project\senashipping_app_data\senashipping.db
2026-02-16 09:38:10,564 [INFO] cargomax_app.config.settings - Logging initialized. DB at D:\New folder\Sena\Project\senashipping_app_data\senashipping.db
2026-02-16 11:04:23,833 [INFO] cargomax_app.config.settings - Logging initialized. DB at D:\New folder\Sena\Project\senashipping_app_data\senashipping.db
2026-02-16 11:07:50,933 [INFO] cargomax_app.config.settings - Logging initialized. DB at D:\New folder\Sena\Project\senashipping_app_data\senashipping.db
2026-02-16 11:31:26,441 [INFO] cargomax_app.config.settings - Logging initialized. DB at D:\New folder\Sena\Project\senashipping_app_data\senashipping.db
2026-02-16 11:33:25,171 [INFO] cargomax_app.config.settings - Logging initialized. DB at D:\New folder\Sena\Project\senashipping_app_data\senashipping.db
2026-02-16 14:50:53,138 [INFO] cargomax_app.config.settings - Logging initialized. DB at D:\New folder\Sena\Project\senashipping_app_data\senashipping.db
2026-02-16 15:02:29,067 [INFO] cargomax_app.config.settings - Logging initialized. DB at D:\New folder\Sena\Project\senashipping_app_data\senashipping.db
2026-02-16 15:04:49,396 [INFO] cargomax_app.config.settings - Logging initialized. DB at D:\New folder\Sena\Project\senashipping_app_data\senashipping.db
2026-02-16 15:12:00,319 [INFO] cargomax_app.config.settings - Logging initialized. DB at D:\New folder\Sena\Project\senashipping_app_data\senashipping.db
2026-02-16 15:15:17,114 [INFO] cargomax_app.config.settings - Logging initialized. DB at D:\New folder\Sena\Project\senashipping_app_data\senashipping.db
2026-02-16 15:20:17,850 [INFO] cargomax_app.config.settings - Logging initialized. DB at D:\New folder\Sena\Project\senashipping_app_data\senashipping.db
2026-02-16 15:58:50,384 [INFO] cargomax_app.config.settings - Logging initialized. DB at D:\New folder\Sena\Project\senashipping_app_data\senashipping.db
2026-02-16 15:59:54,240 [INFO] cargomax_app.config.settings - Logging initialized. DB at D:\New folder\Sena\Project\senashipping_app_data\senashipping.db
2026-02-16 16:01:13,679 [INFO] cargomax_app.config.settings - Logging initialized. DB at D:\New folder\Sena\Project\senashipping_app_data\senashipping.db
2026-02-16 16:02:52,893 [INFO] cargomax_app.config.settings - Logging initialized. DB at D:\New folder\Sena\Project\senashipping_app_data\senashipping.db
2026-02-16 16:05:16,788 [INFO] cargomax_app.config.settings - Logging initialized. DB at D:\New folder\Sena\Project\senashipping_app_data\senashipping.db
2026-02-16 16:07:38,711 [INFO] cargomax_app.config.settings - Logging initialized. DB at D:\New folder\Sena\Project\senashipping_app_data\senashipping.db
2026-02-16 16:08:21,804 [INFO] cargomax_app.config.settings - Logging initialized. DB at D:\New folder\Sena\Project\senashipping_app_data\senashipping.db
2026-02-16 16:12:24,835 [INFO] cargomax_app.config.settings - Logging initialized. DB at D:\New folder\Sena\Project\senashipping_app_data\senashipping.db
2026-02-16 16:14:32,191 [INFO] cargomax_app.config.settings - Logging initialized. DB at D:\New folder\Sena\Project\senashipping_app_data\senashipping.db
2026-02-16 16:19:43,042 [INFO] cargomax_app.config.settings - Logging initialized. DB at D:\New folder\Sena\Project\senashipping_app_data\senashipping.db
2026-02-16 16:22:10,345 [INFO] cargomax_app.config.settings - Logging initialized. DB at D:\New folder\Sena\Project\senashipping_app_data\senashipping.db
2026-02-16 16:26:34,893 [INFO] cargomax_app.config.settings - Logging initialized. DB at D:\New folder\Sena\Project\senashipping_app_data\senashipping.db
2026-02-16 17:01:04,833 [INFO] cargomax_app.config.settings - Logging initialized. DB at D:\New folder\Sena\Project\senashipping_app_data\senashipping.db
2026-02-16 17:04:39,122 [INFO] cargomax_app.config.settings - Logging initialized. DB at D:\New folder\Sena\Project\senashipping_app_data\senashipping.db
2026-02-16 17:16:25,172 [INFO] cargomax_app.config.settings - Logging initialized. DB at D:\New folder\Sena\Project\senashipping_app_data\senashipping.db
2026-02-17 10:02:19,139 [INFO] cargomax_app.config.settings - Logging initialized. DB at D:\New folder\Sena\Project\senashipping_app_data\senashipping.db
2026-02-17 10:06:25,946 [INFO] cargomax_app.config.settings - Logging initialized. DB at D:\New folder\Sena\Project\senashipping_app_data\senashipping.db
2026-02-17 11:10:39,949 [INFO] cargomax_app.config.settings - Logging initialized. DB at D:\New folder\Sena\Project\senashipping_app_data\senashipping.db
2026-02-17 14:12:56,300 [INFO] cargomax_app.config.settings - Logging initialized. DB at D:\New folder\Sena\Project\senashipping_app_data\senashipping.db
2026-02-17 14:14:54,198 [INFO] cargomax_app.config.settings - Logging initialized. DB at D:\New folder\Sena\Project\senashipping_app_data\senashipping.db
2026-02-17 14:15:30,886 [INFO] cargomax_app.config.settings - Logging initialized. DB at D:\New folder\Sena\Project\senashipping_app_data\senashipping.db
2026-02-17 14:16:30,268 [INFO] cargomax_app.config.settings - Logging initialized. DB at D:\New folder\Sena\Project\senashipping_app_data\senashipping.db
2026-02-17 14:18:58,858 [INFO] cargomax_app.config.settings - Logging initialized. DB at D:\New folder\Sena\Project\senashipping_app_data\senashipping.db
2026-02-17 14:32:55,183 [INFO] cargomax_app.config.settings - Logging initialized. DB at D:\New folder\Sena\Project\senashipping_app_data\senashipping.db
2026-02-17 14:35:40,551 [INFO] cargomax_app.config.settings - Logging initialized. DB at D:\New folder\Sena\Project\senashipping_app_data\senashipping.db
2026-02-18 09:50:52,618 [INFO] cargomax_app.config.settings - Logging initialized. DB at D:\New folder\Sena\Project\senashipping_app_data\senashipping.db
2026-02-18 09:55:59,766 [INFO] cargomax_app.config.settings - Logging initialized. DB at D:\New folder\Sena\Project\senashipping_app_data\senashipping.db
2026-02-18 09:58:28,671 [INFO] cargomax_app.config.settings - Logging initialized. DB at D:\New folder\Sena\Project\senashipping_app_data\senashipping.db
2026-02-18 09:59:54,539 [INFO] cargomax_app.config.settings - Logging initialized. DB at D:\New folder\Sena\Project\senashipping_app_data\senashipping.db
2026-02-18 10:26:24,280 [INFO] cargomax_app.config.settings - Logging initialized. DB at D:\New folder\Sena\Project\senashipping_app_data\senashipping.db
2026-02-18 10:31:29,444 [INFO] cargomax_app.config.settings - Logging initialized. DB at D:\New folder\Sena\Project\senashipping_app_data\senashipping.db
2026-02-18 10:35:23,449 [INFO] cargomax_app.config.settings - Logging initialized. DB at D:\New folder\Sena\Project\senashipping_app_data\senashipping.db
2026-02-18 10:38:42,122 [INFO] cargomax_app.config.settings - Logging initialized. DB at D:\New folder\Sena\Project\senashipping_app_data\senashipping.db
2026-02-18 10:39:34,944 [INFO] cargomax_app.config.settings - Logging initialized. DB at D:\New folder\Sena\Project\senashipping_app_data\senashipping.db
2026-02-18 10:40:59,807 [INFO] cargomax_app.config.settings - Logging initialized. DB at D:\New folder\Sena\Project\senashipping_app_data\senashipping.db
2026-02-18 10:41:33,871 [INFO] cargomax_app.config.settings - Logging initialized. DB at D:\New folder\Sena\Project\senashipping_app_data\senashipping.db
2026-02-18 10:44:04,488 [INFO] cargomax_app.config.settings - Logging initialized. DB at D:\New folder\Sena\Project\senashipping_app_data\senashipping.db
2026-02-18 10:48:20,656 [INFO] cargomax_app.config.settings - Logging initialized. DB at D:\New folder\Sena\Project\senashipping_app_data\senashipping.db
2026-02-18 10:58:12,070 [INFO] cargomax_app.config.settings - Logging initialized. DB at D:\New folder\Sena\Project\senashipping_app_data\senashipping.db
2026-02-18 11:18:49,799 [INFO] cargomax_app.config.settings - Logging initialized. DB at D:\New folder\Sena\Project\senashipping_app_data\senashipping.db
2026-02-18 11:22:51,477 [INFO] cargomax_app.config.settings - Logging initialized. DB at D:\New folder\Sena\Project\senashipping_app_data\senashipping.db
2026-02-18 11:25:30,246 [INFO] cargomax_app.config.settings - Logging initialized. DB at D:\New folder\Sena\Project\senashipping_app_data\senashipping.db
2026-02-18 11:37:51,615 [INFO] cargomax_app.config.settings - Logging initialized. DB at D:\New folder\Sena\Project\senashipping_app_data\senashipping.db
2026-02-18 11:41:51,179 [INFO] cargomax_app.config.settings - Logging initialized. DB at D:\New folder\Sena\Project\senashipping_app_data\senashipping.db
2026-02-18 11:50:41,471 [INFO] cargomax_app.config.settings - Logging initialized. DB at D:\New folder\Sena\Project\senashipping_app_data\senashipping.db
2026-02-18 11:57:27,608 [INFO] cargomax_app.config.settings - Logging initialized. DB at D:\New folder\Sena\Project\senashipping_app_data\senashipping.db
2026-02-18 11:58:37,462 [INFO] cargomax_app.config.settings - Logging initialized. DB at D:\New folder\Sena\Project\senashipping_app_data\senashipping.db
2026-02-18 12:05:56,213 [INFO] cargomax_app.config.settings - Logging initialized. DB at D:\New folder\Sena\Project\senashipping_app_data\senashipping.db
2026-02-18 12:08:05,034 [INFO] cargomax_app.config.settings - Logging initialized. DB at D:\New folder\Sena\Project\senashipping_app_data\senashipping.db
2026-02-18 12:12:43,403 [INFO] cargomax_app.config.settings - Logging initialized. DB at D:\New folder\Sena\Project\senashipping_app_data\senashipping.db
2026-02-18 12:18:50,940 [INFO] cargomax_app.config.settings - Logging initialized. DB at D:\New folder\Sena\Project\senashipping_app_data\senashipping.db
2026-02-18 12:21:33,694 [INFO] cargomax_app.config.settings - Logging initialized. DB at D:\New folder\Sena\Project\senashipping_app_data\senashipping.db
2026-02-18 12:24:49,545 [INFO] cargomax_app.config.settings - Logging initialized. DB at D:\New folder\Sena\Project\senashipping_app_data\senashipping.db
2026-02-18 12:27:46,341 [INFO] cargomax_app.config.settings - Logging initialized. DB at D:\New folder\Sena\Project\senashipping_app_data\senashipping.db
2026-02-18 12:29:28,127 [INFO] cargomax_app.config.settings - Logging initialized. DB at D:\New folder\Sena\Project\senashipping_app_data\senashipping.db
2026-02-18 12:34:12,745 [INFO] cargomax_app.config.settings - Logging initialized. DB at D:\New folder\Sena\Project\senashipping_app_data\senashipping.db
2026-02-18 12:57:11,553 [INFO] cargomax_app.config.settings - Logging initialized. DB at D:\New folder\Sena\Project\senashipping_app_data\senashipping.db
2026-02-18 13:01:12,795 [INFO] cargomax_app.config.settings - Logging initialized. DB at D:\New folder\Sena\Project\senashipping_app_data\senashipping.db
2026-02-18 13:02:05,768 [INFO] cargomax_app.config.settings - Logging initialized. DB at D:\New folder\Sena\Project\senashipping_app_data\senashipping.db
2026-02-18 13:04:04,208 [INFO] cargomax_app.config.settings - Logging initialized. DB at D:\New folder\Sena\Project\senashipping_app_data\senashipping.db
2026-02-18 14:23:46,115 [INFO] cargomax_app.config.settings - Logging initialized. DB at D:\New folder\Sena\Project\senashipping_app_data\senashipping.db
2026-02-18 14:26:30,827 [INFO] cargomax_app.config.settings - Logging initialized. DB at D:\New folder\Sena\Project\senashipping_app_data\senashipping.db
2026-02-18 14:29:02,490 [INFO] cargomax_app.config.settings - Logging initialized. DB at D:\New folder\Sena\Project\senashipping_app_data\senashipping.db
2026-02-18 14:36:39,674 [INFO] cargomax_app.config.settings - Logging initialized. DB at D:\New folder\Sena\Project\senashipping_app_data\senashipping.db
2026-02-18 14:40:07,863 [INFO] cargomax_app.config.settings - Logging initialized. DB at D:\New folder\Sena\Project\senashipping_app_data\senashipping.db
2026-02-18 14:40:44,871 [INFO] cargomax_app.config.settings - Logging initialized. DB at D:\New folder\Sena\Project\senashipping_app_data\senashipping.db
2026-02-18 14:42:42,035 [INFO] cargomax_app.config.settings - Logging initialized. DB at D:\New folder\Sena\Project\senashipping_app_data\senashipping.db
2026-02-18 14:43:35,917 [INFO] cargomax_app.config.settings - Logging initialized. DB at D:\New folder\Sena\Project\senashipping_app_data\senashipping.db
2026-02-18 14:56:30,677 [INFO] cargomax_app.config.settings - Logging initialized. DB at D:\New folder\Sena\Project\senashipping_app_data\senashipping.db
2026-02-18 14:58:10,182 [INFO] cargomax_app.config.settings - Logging initialized. DB at D:\New folder\Sena\Project\senashipping_app_data\senashipping.db
2026-02-18 14:59:54,630 [INFO] cargomax_app.config.settings - Logging initialized. DB at D:\New folder\Sena\Project\senashipping_app_data\senashipping.db
2026-02-18 15:01:14,608 [INFO] cargomax_app.config.settings - Logging initialized. DB at D:\New folder\Sena\Project\senashipping_app_data\senashipping.db
2026-02-18 15:02:52,744 [INFO] cargomax_app.config.settings - Logging initialized. DB at D:\New folder\Sena\Project\senashipping_app_data\senashipping.db
2026-02-18 15:11:24,474 [INFO] cargomax_app.config.settings - Logging initialized. DB at D:\New folder\Sena\Project\senashipping_app_data\senashipping.db
2026-02-18 15:12:03,714 [INFO] cargomax_app.config.settings - Logging initialized. DB at D:\New folder\Sena\Project\senashipping_app_data\senashipping.db
2026-02-18 15:14:51,446 [INFO] cargomax_app.config.settings - Logging initialized. DB at D:\New folder\Sena\Project\senashipping_app_data\senashipping.db
2026-02-18 15:17:37,885 [INFO] cargomax_app.config.settings - Logging initialized. DB at D:\New folder\Sena\Project\senashipping_app_data\senashipping.db
2026-02-18 15:19:16,692 [INFO] cargomax_app.config.settings - Logging initialized. DB at D:\New folder\Sena\Project\senashipping_app_data\senashipping.db
2026-02-18 15:21:35,617 [INFO] cargomax_app.config.settings - Logging initialized. DB at D:\New folder\Sena\Project\senashipping_app_data\senashipping.db
2026-02-18 15:23:25,812 [INFO] cargomax_app.config.settings - Logging initialized. DB at D:\New folder\Sena\Project\senashipping_app_data\senashipping.db
2026-02-18 15:26:59,361 [INFO] cargomax_app.config.settings - Logging initialized. DB at D:\New folder\Sena\Project\senashipping_app_data\senashipping.db
2026-02-18 15:28:50,070 [INFO] cargomax_app.config.settings - Logging initialized. DB at D:\New folder\Sena\Project\senashipping_app_data\senashipping.db
2026-02-18 15:29:28,845 [INFO] cargomax_app.config.settings - Logging initialized. DB at D:\New folder\Sena\Project\senashipping_app_data\senashipping.db
2026-02-18 15:31:51,804 [INFO] cargomax_app.config.settings - Logging initialized. DB at D:\New folder\Sena\Project\senashipping_app_data\senashipping.db
2026-02-18 15:34:17,948 [INFO] cargomax_app.config.settings - Logging initialized. DB at D:\New folder\Sena\Project\senashipping_app_data\senashipping.db
2026-02-18 15:34:51,887 [INFO] cargomax_app.config.settings - Logging initialized. DB at D:\New folder\Sena\Project\senashipping_app_data\senashipping.db
2026-02-18 15:35:50,143 [INFO] cargomax_app.config.settings - Logging initialized. DB at D:\New folder\Sena\Project\senashipping_app_data\senashipping.db
2026-02-18 15:38:12,449 [INFO] cargomax_app.config.settings - Logging initialized. DB at D:\New folder\Sena\Project\senashipping_app_data\senashipping.db
2026-02-18 15:48:39,422 [INFO] cargomax_app.config.settings - Logging initialized. DB at D:\New folder\Sena\Project\senashipping_app_data\senashipping.db
2026-02-18 15:49:47,963 [INFO] cargomax_app.config.settings - Logging initialized. DB at D:\New folder\Sena\Project\senashipping_app_data\senashipping.db
2026-02-18 15:51:00,650 [INFO] cargomax_app.config.settings - Logging initialized. DB at D:\New folder\Sena\Project\senashipping_app_data\senashipping.db
2026-02-18 15:52:29,531 [INFO] cargomax_app.config.settings - Logging initialized. DB at D:\New folder\Sena\Project\senashipping_app_data\senashipping.db
2026-02-18 15:54:08,593 [INFO] cargomax_app.config.settings - Logging initialized. DB at D:\New folder\Sena\Project\senashipping_app_data\senashipping.db
2026-02-18 15:55:17,651 [INFO] cargomax_app.config.settings - Logging initialized. DB at D:\New folder\Sena\Project\senashipping_app_data\senashipping.db
2026-02-18 15:57:40,575 [INFO] cargomax_app.config.settings - Logging initialized. DB at D:\New folder\Sena\Project\senashipping_app_data\senashipping.db
2026-02-18 16:01:50,087 [INFO] cargomax_app.config.settings - Logging initialized. DB at D:\New folder\Sena\Project\senashipping_app_data\senashipping.db
2026-02-18 16:10:11,720 [INFO] cargomax_app.config.settings - Logging initialized. DB at D:\New folder\Sena\Project\senashipping_app_data\senashipping.db
2026-02-18 16:12:06,670 [INFO] cargomax_app.config.settings - Logging initialized. DB at D:\New folder\Sena\Project\senashipping_app_data\senashipping.db
2026-02-18 16:18:10,420 [INFO] cargomax_app.config.settings - Logging initialized. DB at D:\New folder\Sena\Project\senashipping_app_data\senashipping.db
2026-02-18 16:28:17,104 [INFO] cargomax_app.config.settings - Logging initialized. DB at D:\New folder\Sena\Project\senashipping_app_data\senashipping.db
2026-02-18 16:30:18,488 [INFO] cargomax_app.config.settings - Logging initialized. DB at D:\New folder\Sena\Project\senashipping_app_data\senashipping.db
2026-02-18 16:32:31,094 [INFO] cargomax_app.config.settings - Logging initialized. DB at D:\New folder\Sena\Project\senashipping_app_data\senashipping.db
2026-02-18 16:34:35,212 [INFO] cargomax_app.config.settings - Logging initialized. DB at D:\New folder\Sena\Project\senashipping_app_data\senashipping.db
2026-02-18 16:36:42,865 [INFO] cargomax_app.config.settings - Logging initialized. DB at D:\New folder\Sena\Project\senashipping_app_data\senashipping.db
2026-02-18 16:39:41,042 [INFO] cargomax_app.config.settings - Logging initialized. DB at D:\New folder\Sena\Project\senashipping_app_data\senashipping.db
2026-02-18 16:55:56,652 [INFO] cargomax_app.config.settings - Logging initialized. DB at D:\New folder\Sena\Project\senashipping_app_data\senashipping.db
2026-02-18 17:30:05,580 [INFO] cargomax_app.config.settings - Logging initialized. DB at D:\New folder\Sena\Project\senashipping_app_data\senashipping.db
2026-02-18 17:46:52,412 [INFO] cargomax_app.config.settings - Logging initialized. DB at D:\New folder\Sena\Project\senashipping_app_data\senashipping.db
2026-02-18 17:49:27,123 [INFO] cargomax_app.config.settings - Logging initialized. DB at D:\New folder\Sena\Project\senashipping_app_data\senashipping.db
2026-02-18 17:51:56,048 [INFO] cargomax_app.config.settings - Logging initialized. DB at D:\New folder\Sena\Project\senashipping_app_data\senashipping.db
2026-02-18 17:54:08,528 [INFO] cargomax_app.config.settings - Logging initialized. DB at D:\New folder\Sena\Project\senashipping_app_data\senashipping.db
2026-02-18 17:55:44,050 [INFO] cargomax_app.config.settings - Logging initialized. DB at D:\New folder\Sena\Project\senashipping_app_data\senashipping.db
2026-02-18 17:57:38,559 [INFO] cargomax_app.config.settings - Logging initialized. DB at D:\New folder\Sena\Project\senashipping_app_data\senashipping.db
2026-02-18 17:59:57,913 [INFO] cargomax_app.config.settings - Logging initialized. DB at D:\New folder\Sena\Project\senashipping_app_data\senashipping.db
2026-02-18 18:09:38,682 [INFO] cargomax_app.config.settings - Logging initialized. DB at D:\New folder\Sena\Project\senashipping_app_data\senashipping.db
2026-02-19 12:45:10,227 [INFO] cargomax_app.config.settings - Logging initialized. DB at E:\Python\Sena\cargomax-app\senashipping_app_data\senashipping.db
2026-02-19 12:47:17,232 [INFO] cargomax_app.config.settings - Logging initialized. DB at E:\Python\Sena\cargomax-app\senashipping_app_data\senashipping.db
2026-02-19 12:50:41,985 [INFO] cargomax_app.config.settings - Logging initialized. DB at E:\Python\Sena\cargomax-app\senashipping_app_data\senashipping.db
2026-02-19 12:55:17,829 [INFO] cargomax_app.config.settings - Logging initialized. DB at E:\Python\Sena\cargomax-app\senashipping_app_data\senashipping.db
2026-02-19 13:04:06,919 [INFO] cargomax_app.config.settings - Logging initialized. DB at E:\Python\Sena\cargomax-app\senashipping_app_data\senashipping.db
2026-02-19 13:09:05,573 [INFO] cargomax_app.config.settings - Logging initialized. DB at E:\Python\Sena\cargomax-app\senashipping_app_data\senashipping.db
2026-02-19 13:46:30,603 [INFO] cargomax_app.config.settings - Logging initialized. DB at E:\Python\Sena\cargomax-app\senashipping_app_data\senashipping.db
2026-02-20 16:15:11,192 [INFO] cargomax_app.config.settings - Logging initialized. DB at E:\Python\Sena\cargomax-app\senashipping_app_data\senashipping.db
2026-02-20 16:47:05,214 [INFO] cargomax_app.config.settings - Logging initialized. DB at E:\Python\Sena\cargomax-app\senashipping_app_data\senashipping.db
2026-02-20 16:47:36,357 [INFO] cargomax_app.config.settings - Logging initialized. DB at E:\Python\Sena\cargomax-app\senashipping_app_data\senashipping.db
2026-02-20 16:48:24,839 [INFO] cargomax_app.config.settings - Logging initialized. DB at E:\Python\Sena\cargomax-app\senashipping_app_data\senashipping.db
2026-02-20 16:48:58,625 [INFO] cargomax_app.config.settings - Logging initialized. DB at E:\Python\Sena\cargomax-app\senashipping_app_data\senashipping.db
2026-02-20 16:49:30,010 [INFO] cargomax_app.config.settings - Logging initialized. DB at E:\Python\Sena\cargomax-app\senashipping_app_data\senashipping.db
2026-02-20 16:51:49,101 [INFO] cargomax_app.config.settings - Logging initialized. DB at E:\Python\Sena\cargomax-app\senashipping_app_data\senashipping.db
2026-02-20 16:56:26,726 [INFO] cargomax_app.config.settings - Logging initialized. DB at E:\Python\Sena\cargomax-app\senashipping_app_data\senashipping.db
2026-02-21 13:40:43,256 [INFO] cargomax_app.config.settings - Logging initialized. DB at E:\Python\Sena\cargomax-app\senashipping_app_data\senashipping.db
2026-02-21 13:44:33,331 [INFO] cargomax_app.config.settings - Logging initialized. DB at E:\Python\Sena\cargomax-app\senashipping_app_data\senashipping.db
2026-02-21 13:52:54,479 [INFO] cargomax_app.config.settings - Logging initialized. DB at E:\Python\Sena\cargomax-app\senashipping_app_data\senashipping.db
2026-02-21 14:05:46,343 [INFO] cargomax_app.config.settings - Logging initialized. DB at E:\Python\Sena\cargomax-app\senashipping_app_data\senashipping.db
2026-02-21 14:10:22,015 [INFO] cargomax_app.config.settings - Logging initialized. DB at E:\Python\Sena\cargomax-app\senashipping_app_data\senashipping.db
2026-02-21 14:27:52,999 [INFO] senashipping_app.config.settings - Logging initialized. DB at E:\Python\Sena\senashipping_app\senashipping_app_data\senashipping.db
2026-02-21 14:28:20,513 [WARNING] root - ERROR: In vtkWin32OpenGLRenderWindow.cxx, line 254
vtkWin32OpenGLRenderWindow (0000026071BA5B40): wglMakeCurrent failed in MakeCurrent(), error: The requested transformation operation is not supported.(code 2004)
2026-02-21 14:28:20,513 [WARNING] root - ERROR: In vtkWin32OpenGLRenderWindow.cxx, line 254
vtkWin32OpenGLRenderWindow (0000026071BA5B40): wglMakeCurrent failed in MakeCurrent(), error: The requested transformation operation is not supported.(code 2004)
2026-02-21 14:28:20,515 [WARNING] root - ERROR: In vtkWin32OpenGLRenderWindow.cxx, line 254
vtkWin32OpenGLRenderWindow (0000026071BA5B40): wglMakeCurrent failed in MakeCurrent(), error: The requested transformation operation is not supported.(code 2004)
2026-02-21 14:28:20,515 [WARNING] root - ERROR: In vtkWin32OpenGLRenderWindow.cxx, line 254
vtkWin32OpenGLRenderWindow (0000026071BA5B40): wglMakeCurrent failed in MakeCurrent(), error: The requested transformation operation is not supported.(code 2004)
2026-02-21 14:28:20,515 [WARNING] root - ERROR: In vtkWin32OpenGLRenderWindow.cxx, line 254
vtkWin32OpenGLRenderWindow (0000026071BA5B40): wglMakeCurrent failed in MakeCurrent(), error: The requested transformation operation is not supported.(code 2004)
2026-02-21 14:28:20,516 [WARNING] root - ERROR: In vtkWin32OpenGLRenderWindow.cxx, line 254
vtkWin32OpenGLRenderWindow (0000026071BA5B40): wglMakeCurrent failed in MakeCurrent(), error: The requested transformation operation is not supported.(code 2004)
2026-02-21 14:28:20,516 [WARNING] root - ERROR: In vtkWin32OpenGLRenderWindow.cxx, line 254
vtkWin32OpenGLRenderWindow (0000026071BA5B40): wglMakeCurrent failed in MakeCurrent(), error: The requested transformation operation is not supported.(code 2004)
2026-02-21 14:28:20,517 [WARNING] root - ERROR: In vtkWin32OpenGLRenderWindow.cxx, line 254
vtkWin32OpenGLRenderWindow (0000026071BA32B0): wglMakeCurrent failed in MakeCurrent(), error: The requested transformation operation is not supported.(code 2004)
2026-02-21 14:28:20,517 [WARNING] root - ERROR: In vtkWin32OpenGLRenderWindow.cxx, line 254
vtkWin32OpenGLRenderWindow (0000026071BA32B0): wglMakeCurrent failed in MakeCurrent(), error: The requested transformation operation is not supported.(code 2004)
2026-02-21 14:28:20,517 [WARNING] root - ERROR: In vtkWin32OpenGLRenderWindow.cxx, line 254
vtkWin32OpenGLRenderWindow (0000026071BA32B0): wglMakeCurrent failed in MakeCurrent(), error: The requested transformation operation is not supported.(code 2004)
2026-02-21 14:28:20,518 [WARNING] root - ERROR: In vtkWin32OpenGLRenderWindow.cxx, line 254
vtkWin32OpenGLRenderWindow (0000026071BA32B0): wglMakeCurrent failed in MakeCurrent(), error: The requested transformation operation is not supported.(code 2004)
2026-02-21 14:28:20,518 [WARNING] root - ERROR: In vtkWin32OpenGLRenderWindow.cxx, line 254
vtkWin32OpenGLRenderWindow (0000026071BA32B0): wglMakeCurrent failed in MakeCurrent(), error: The requested transformation operation is not supported.(code 2004)
2026-02-21 14:28:20,519 [WARNING] root - ERROR: In vtkWin32OpenGLRenderWindow.cxx, line 254
vtkWin32OpenGLRenderWindow (0000026071BA32B0): wglMakeCurrent failed in MakeCurrent(), error: The requested transformation operation is not supported.(code 2004)
2026-02-21 14:28:20,519 [WARNING] root - ERROR: In vtkWin32OpenGLRenderWindow.cxx, line 254
vtkWin32OpenGLRenderWindow (0000026071BA32B0): wglMakeCurrent failed in MakeCurrent(), error: The requested transformation operation is not supported.(code 2004)
2026-02-21 14:28:20,520 [WARNING] root - ERROR: In vtkWin32OpenGLRenderWindow.cxx, line 254
vtkWin32OpenGLRenderWindow (0000026071BA6A00): wglMakeCurrent failed in MakeCurrent(), error: The requested transformation operation is not supported.(code 2004)
2026-02-21 14:28:20,520 [WARNING] root - ERROR: In vtkWin32OpenGLRenderWindow.cxx, line 254
vtkWin32OpenGLRenderWindow (0000026071BA6A00): wglMakeCurrent failed in MakeCurrent(), error: The requested transformation operation is not supported.(code 2004)
2026-02-21 14:28:20,521 [WARNING] root - ERROR: In vtkWin32OpenGLRenderWindow.cxx, line 254
vtkWin32OpenGLRenderWindow (0000026071BA6A00): wglMakeCurrent failed in MakeCurrent(), error: The requested transformation operation is not supported.(code 2004)
2026-02-21 14:28:20,521 [WARNING] root - ERROR: In vtkWin32OpenGLRenderWindow.cxx, line 254
vtkWin32OpenGLRenderWindow (0000026071BA6A00): wglMakeCurrent failed in MakeCurrent(), error: The requested transformation operation is not supported.(code 2004)
2026-02-21 14:28:20,521 [WARNING] root - ERROR: In vtkWin32OpenGLRenderWindow.cxx, line 254
vtkWin32OpenGLRenderWindow (0000026071BA6A00): wglMakeCurrent failed in MakeCurrent(), error: The requested transformation operation is not supported.(code 2004)
2026-02-21 14:28:20,522 [WARNING] root - ERROR: In vtkWin32OpenGLRenderWindow.cxx, line 254
vtkWin32OpenGLRenderWindow (0000026071BA6A00): wglMakeCurrent failed in MakeCurrent(), error: The requested transformation operation is not supported.(code 2004)
2026-02-21 14:28:20,522 [WARNING] root - ERROR: In vtkWin32OpenGLRenderWindow.cxx, line 254
vtkWin32OpenGLRenderWindow (0000026071BA6A00): wglMakeCurrent failed in MakeCurrent(), error: The requested transformation operation is not supported.(code 2004)
2026-02-21 14:28:20,570 [WARNING] root - ERROR: In vtkWin32OpenGLRenderWindow.cxx, line 254
vtkWin32OpenGLRenderWindow (0000026071BA2F00): wglMakeCurrent failed in MakeCurrent(), error: The requested transformation operation is not supported.(code 2004)
2026-02-21 14:28:20,571 [WARNING] root - ERROR: In vtkWin32OpenGLRenderWindow.cxx, line 254
vtkWin32OpenGLRenderWindow (0000026071BA2F00): wglMakeCurrent failed in MakeCurrent(), error: The requested transformation operation is not supported.(code 2004)
2026-02-21 14:28:20,572 [WARNING] root - ERROR: In vtkWin32OpenGLRenderWindow.cxx, line 254
vtkWin32OpenGLRenderWindow (0000026071BA2F00): wglMakeCurrent failed in MakeCurrent(), error: The requested transformation operation is not supported.(code 2004)
2026-02-21 14:28:20,573 [WARNING] root - ERROR: In vtkWin32OpenGLRenderWindow.cxx, line 254
vtkWin32OpenGLRenderWindow (0000026071BA2F00): wglMakeCurrent failed in MakeCurrent(), error: The requested transformation operation is not supported.(code 2004)
2026-02-21 14:28:20,573 [WARNING] root - ERROR: In vtkWin32OpenGLRenderWindow.cxx, line 254
vtkWin32OpenGLRenderWindow (0000026071BA2F00): wglMakeCurrent failed in MakeCurrent(), error: The requested transformation operation is not supported.(code 2004)
2026-02-21 14:28:20,573 [WARNING] root - ERROR: In vtkWin32OpenGLRenderWindow.cxx, line 254
vtkWin32OpenGLRenderWindow (0000026071BA2F00): wglMakeCurrent failed in MakeCurrent(), error: The requested transformation operation is not supported.(code 2004)
2026-02-21 14:28:20,574 [WARNING] root - ERROR: In vtkWin32OpenGLRenderWindow.cxx, line 254
vtkWin32OpenGLRenderWindow (0000026071BA2F00): wglMakeCurrent failed in MakeCurrent(), error: The requested transformation operation is not supported.(code 2004)
2026-02-21 14:28:20,574 [WARNING] root - ERROR: In vtkWin32OpenGLRenderWindow.cxx, line 254
vtkWin32OpenGLRenderWindow (0000026071BA2F00): wglMakeCurrent failed in MakeCurrent(), error: The requested transformation operation is not supported.(code 2004)
2026-02-21 14:28:20,575 [WARNING] root - ERROR: In vtkWin32OpenGLRenderWindow.cxx, line 254
vtkWin32OpenGLRenderWindow (0000026071BA2F00): wglMakeCurrent failed in MakeCurrent(), error: The requested transformation operation is not supported.(code 2004)
2026-02-21 14:28:20,575 [WARNING] root - ERROR: In vtkWin32OpenGLRenderWindow.cxx, line 254
vtkWin32OpenGLRenderWindow (0000026071BA2F00): wglMakeCurrent failed in MakeCurrent(), error: The requested transformation operation is not supported.(code 2004)
2026-02-21 14:28:20,575 [WARNING] root - ERROR: In vtkWin32OpenGLRenderWindow.cxx, line 254
vtkWin32OpenGLRenderWindow (0000026071BA2F00): wglMakeCurrent failed in MakeCurrent(), error: The requested transformation operation is not supported.(code 2004)
2026-02-21 14:28:20,576 [WARNING] root - ERROR: In vtkWin32OpenGLRenderWindow.cxx, line 254
vtkWin32OpenGLRenderWindow (0000026071BA2F00): wglMakeCurrent failed in MakeCurrent(), error: The requested transformation operation is not supported.(code 2004)
2026-02-21 14:28:20,576 [WARNING] root - ERROR: In vtkWin32OpenGLRenderWindow.cxx, line 254
vtkWin32OpenGLRenderWindow (0000026071BA2F00): wglMakeCurrent failed in MakeCurrent(), error: The requested transformation operation is not supported.(code 2004)
2026-02-21 14:28:20,576 [WARNING] root - ERROR: In vtkWin32OpenGLRenderWindow.cxx, line 254
vtkWin32OpenGLRenderWindow (0000026071BA2F00): wglMakeCurrent failed in MakeCurrent(), error: The requested transformation operation is not supported.(code 2004)
2026-02-21 14:28:20,577 [WARNING] root - ERROR: In vtkWin32OpenGLRenderWindow.cxx, line 254
vtkWin32OpenGLRenderWindow (0000026071BA2F00): wglMakeCurrent failed in MakeCurrent(), error: The requested transformation operation is not supported.(code 2004)
2026-02-21 14:28:20,577 [WARNING] root - ERROR: In vtkWin32OpenGLRenderWindow.cxx, line 254
vtkWin32OpenGLRenderWindow (0000026071BA2F00): wglMakeCurrent failed in MakeCurrent(), error: The requested transformation operation is not supported.(code 2004)
2026-02-21 14:28:20,583 [WARNING] root - ERROR: In vtkWin32OpenGLRenderWindow.cxx, line 254
vtkWin32OpenGLRenderWindow (0000026071BA5B40): wglMakeCurrent failed in MakeCurrent(), error: The requested transformation operation is not supported.(code 2004)
2026-02-21 14:28:20,583 [WARNING] root - ERROR: In vtkWin32OpenGLRenderWindow.cxx, line 254
vtkWin32OpenGLRenderWindow (0000026071BA5B40): wglMakeCurrent failed in MakeCurrent(), error: The requested transformation operation is not supported.(code 2004)
2026-02-21 14:28:20,584 [WARNING] root - ERROR: In vtkWin32OpenGLRenderWindow.cxx, line 254
vtkWin32OpenGLRenderWindow (0000026071BA5B40): wglMakeCurrent failed in MakeCurrent(), error: The requested transformation operation is not supported.(code 2004)
2026-02-21 14:28:20,584 [WARNING] root - ERROR: In vtkWin32OpenGLRenderWindow.cxx, line 254
vtkWin32OpenGLRenderWindow (0000026071BA5B40): wglMakeCurrent failed in MakeCurrent(), error: The requested transformation operation is not supported.(code 2004)
2026-02-21 14:28:20,584 [WARNING] root - ERROR: In vtkWin32OpenGLRenderWindow.cxx, line 254
vtkWin32OpenGLRenderWindow (0000026071BA5B40): wglMakeCurrent failed in MakeCurrent(), error: The requested transformation operation is not supported.(code 2004)
2026-02-21 14:28:20,585 [WARNING] root - ERROR: In vtkWin32OpenGLRenderWindow.cxx, line 254
vtkWin32OpenGLRenderWindow (0000026071BA5B40): wglMakeCurrent failed in MakeCurrent(), error: The requested transformation operation is not supported.(code 2004)
2026-02-21 14:28:20,585 [WARNING] root - ERROR: In vtkWin32OpenGLRenderWindow.cxx, line 254
vtkWin32OpenGLRenderWindow (0000026071BA5B40): wglMakeCurrent failed in MakeCurrent(), error: The requested transformation operation is not supported.(code 2004)
2026-02-21 14:28:20,586 [WARNING] root - ERROR: In vtkWin32OpenGLRenderWindow.cxx, line 254
vtkWin32OpenGLRenderWindow (0000026071BA5B40): wglMakeCurrent failed in MakeCurrent(), error: The requested transformation operation is not supported.(code 2004)
2026-02-21 14:28:20,586 [WARNING] root - ERROR: In vtkWin32OpenGLRenderWindow.cxx, line 254
vtkWin32OpenGLRenderWindow (0000026071BA5B40): wglMakeCurrent failed in MakeCurrent(), error: The requested transformation operation is not supported.(code 2004)
2026-02-21 14:28:20,587 [WARNING] root - ERROR: In vtkWin32OpenGLRenderWindow.cxx, line 254
vtkWin32OpenGLRenderWindow (0000026071BA5B40): wglMakeCurrent failed in MakeCurrent(), error: The requested transformation operation is not supported.(code 2004)
2026-02-21 14:28:20,587 [WARNING] root - ERROR: In vtkWin32OpenGLRenderWindow.cxx, line 254
vtkWin32OpenGLRenderWindow (0000026071BA5B40): wglMakeCurrent failed in MakeCurrent(), error: The requested transformation operation is not supported.(code 2004)
2026-02-21 14:28:20,587 [WARNING] root - ERROR: In vtkWin32OpenGLRenderWindow.cxx, line 254
vtkWin32OpenGLRenderWindow (0000026071BA5B40): wglMakeCurrent failed in MakeCurrent(), error: The requested transformation operation is not supported.(code 2004)
2026-02-21 14:28:20,588 [WARNING] root - ERROR: In vtkWin32OpenGLRenderWindow.cxx, line 254
vtkWin32OpenGLRenderWindow (0000026071BA5B40): wglMakeCurrent failed in MakeCurrent(), error: The requested transformation operation is not supported.(code 2004)
2026-02-21 14:28:20,588 [WARNING] root - ERROR: In vtkWin32OpenGLRenderWindow.cxx, line 254
vtkWin32OpenGLRenderWindow (0000026071BA5B40): wglMakeCurrent failed in MakeCurrent(), error: The requested transformation operation is not supported.(code 2004)
2026-02-21 14:28:20,588 [WARNING] root - ERROR: In vtkWin32OpenGLRenderWindow.cxx, line 254
vtkWin32OpenGLRenderWindow (0000026071BA5B40): wglMakeCurrent failed in MakeCurrent(), error: The requested transformation operation is not supported.(code 2004)
2026-02-21 14:28:20,589 [WARNING] root - ERROR: In vtkWin32OpenGLRenderWindow.cxx, line 254
vtkWin32OpenGLRenderWindow (0000026071BA5B40): wglMakeCurrent failed in MakeCurrent(), error: The requested transformation operation is not supported.(code 2004)
2026-02-21 14:28:20,589 [WARNING] root - ERROR: In vtkWin32OpenGLRenderWindow.cxx, line 95
vtkWin32OpenGLRenderWindow (0000026071BA5B40): wglMakeCurrent failed in Clean(), error: 2004
2026-02-21 14:28:20,592 [WARNING] root - ERROR: In vtkWin32OpenGLRenderWindow.cxx, line 254
vtkWin32OpenGLRenderWindow (0000026071BA6650): wglMakeCurrent failed in MakeCurrent(), error: The requested transformation operation is not supported.(code 2004)
2026-02-21 14:28:20,592 [WARNING] root - ERROR: In vtkWin32OpenGLRenderWindow.cxx, line 254
vtkWin32OpenGLRenderWindow (0000026071BA6650): wglMakeCurrent failed in MakeCurrent(), error: The requested transformation operation is not supported.(code 2004)
2026-02-21 14:28:20,593 [WARNING] root - ERROR: In vtkWin32OpenGLRenderWindow.cxx, line 254
vtkWin32OpenGLRenderWindow (0000026071BA6650): wglMakeCurrent failed in MakeCurrent(), error: The requested transformation operation is not supported.(code 2004)
2026-02-21 14:28:20,593 [WARNING] root - ERROR: In vtkWin32OpenGLRenderWindow.cxx, line 254
vtkWin32OpenGLRenderWindow (0000026071BA6650): wglMakeCurrent failed in MakeCurrent(), error: The requested transformation operation is not supported.(code 2004)
2026-02-21 14:28:20,593 [WARNING] root - ERROR: In vtkWin32OpenGLRenderWindow.cxx, line 254
vtkWin32OpenGLRenderWindow (0000026071BA6650): wglMakeCurrent failed in MakeCurrent(), error: The requested transformation operation is not supported.(code 2004)
2026-02-21 14:28:20,593 [WARNING] root - ERROR: In vtkWin32OpenGLRenderWindow.cxx, line 254
vtkWin32OpenGLRenderWindow (0000026071BA6650): wglMakeCurrent failed in MakeCurrent(), error: The requested transformation operation is not supported.(code 2004)
2026-02-21 14:28:20,594 [WARNING] root - ERROR: In vtkWin32OpenGLRenderWindow.cxx, line 254
vtkWin32OpenGLRenderWindow (0000026071BA6650): wglMakeCurrent failed in MakeCurrent(), error: The requested transformation operation is not supported.(code 2004)
2026-02-21 14:28:20,594 [WARNING] root - ERROR: In vtkWin32OpenGLRenderWindow.cxx, line 254
vtkWin32OpenGLRenderWindow (0000026071BA6650): wglMakeCurrent failed in MakeCurrent(), error: The requested transformation operation is not supported.(code 2004)
2026-02-21 14:28:20,594 [WARNING] root - ERROR: In vtkWin32OpenGLRenderWindow.cxx, line 254
vtkWin32OpenGLRenderWindow (0000026071BA6650): wglMakeCurrent failed in MakeCurrent(), error: The requested transformation operation is not supported.(code 2004)
2026-02-21 14:28:20,595 [WARNING] root - ERROR: In vtkWin32OpenGLRenderWindow.cxx, line 254
vtkWin32OpenGLRenderWindow (0000026071BA6650): wglMakeCurrent failed in MakeCurrent(), error: The requested transformation operation is not supported.(code 2004)
2026-02-21 14:28:20,595 [WARNING] root - ERROR: In vtkWin32OpenGLRenderWindow.cxx, line 254
vtkWin32OpenGLRenderWindow (0000026071BA6650): wglMakeCurrent failed in MakeCurrent(), error: The requested transformation operation is not supported.(code 2004)
2026-02-21 14:28:20,595 [WARNING] root - ERROR: In vtkWin32OpenGLRenderWindow.cxx, line 254
vtkWin32OpenGLRenderWindow (0000026071BA6650): wglMakeCurrent failed in MakeCurrent(), error: The requested transformation operation is not supported.(code 2004)
2026-02-21 14:28:20,596 [WARNING] root - ERROR: In vtkWin32OpenGLRenderWindow.cxx, line 254
vtkWin32OpenGLRenderWindow (0000026071BA6650): wglMakeCurrent failed in MakeCurrent(), error: The requested transformation operation is not supported.(code 2004)
2026-02-21 14:28:20,596 [WARNING] root - ERROR: In vtkWin32OpenGLRenderWindow.cxx, line 254
vtkWin32OpenGLRenderWindow (0000026071BA6650): wglMakeCurrent failed in MakeCurrent(), error: The requested transformation operation is not supported.(code 2004)
2026-02-21 14:28:20,596 [WARNING] root - ERROR: In vtkWin32OpenGLRenderWindow.cxx, line 254
vtkWin32OpenGLRenderWindow (0000026071BA6650): wglMakeCurrent failed in MakeCurrent(), error: The requested transformation operation is not supported.(code 2004)
2026-02-21 14:28:20,597 [WARNING] root - ERROR: In vtkWin32OpenGLRenderWindow.cxx, line 254
vtkWin32OpenGLRenderWindow (0000026071BA6650): wglMakeCurrent failed in MakeCurrent(), error: The requested transformation operation is not supported.(code 2004)
2026-02-21 14:28:20,597 [WARNING] root - ERROR: In vtkWin32OpenGLRenderWindow.cxx, line 95
vtkWin32OpenGLRenderWindow (0000026071BA6650): wglMakeCurrent failed in Clean(), error: 2004
2026-02-21 14:28:20,601 [WARNING] root - ERROR: In vtkWin32OpenGLRenderWindow.cxx, line 254
vtkWin32OpenGLRenderWindow (0000026071BA4C80): wglMakeCurrent failed in MakeCurrent(), error: The requested transformation operation is not supported.(code 2004)
2026-02-21 14:28:20,602 [WARNING] root - ERROR: In vtkWin32OpenGLRenderWindow.cxx, line 254
vtkWin32OpenGLRenderWindow (0000026071BA4C80): wglMakeCurrent failed in MakeCurrent(), error: The requested transformation operation is not supported.(code 2004)
2026-02-21 14:28:20,602 [WARNING] root - ERROR: In vtkWin32OpenGLRenderWindow.cxx, line 254
vtkWin32OpenGLRenderWindow (0000026071BA4C80): wglMakeCurrent failed in MakeCurrent(), error: The requested transformation operation is not supported.(code 2004)
2026-02-21 14:28:20,602 [WARNING] root - ERROR: In vtkWin32OpenGLRenderWindow.cxx, line 254
vtkWin32OpenGLRenderWindow (0000026071BA4C80): wglMakeCurrent failed in MakeCurrent(), error: The requested transformation operation is not supported.(code 2004)
2026-02-21 14:28:20,603 [WARNING] root - ERROR: In vtkWin32OpenGLRenderWindow.cxx, line 254
vtkWin32OpenGLRenderWindow (0000026071BA4C80): wglMakeCurrent failed in MakeCurrent(), error: The requested transformation operation is not supported.(code 2004)
2026-02-21 14:28:20,603 [WARNING] root - ERROR: In vtkWin32OpenGLRenderWindow.cxx, line 254
vtkWin32OpenGLRenderWindow (0000026071BA4C80): wglMakeCurrent failed in MakeCurrent(), error: The requested transformation operation is not supported.(code 2004)
2026-02-21 14:28:20,604 [WARNING] root - ERROR: In vtkWin32OpenGLRenderWindow.cxx, line 254
vtkWin32OpenGLRenderWindow (0000026071BA4C80): wglMakeCurrent failed in MakeCurrent(), error: The requested transformation operation is not supported.(code 2004)
2026-02-21 14:28:20,605 [WARNING] root - ERROR: In vtkWin32OpenGLRenderWindow.cxx, line 254
vtkWin32OpenGLRenderWindow (0000026071BA4C80): wglMakeCurrent failed in MakeCurrent(), error: The requested transformation operation is not supported.(code 2004)
2026-02-21 14:28:20,605 [WARNING] root - ERROR: In vtkWin32OpenGLRenderWindow.cxx, line 254
vtkWin32OpenGLRenderWindow (0000026071BA4C80): wglMakeCurrent failed in MakeCurrent(), error: The requested transformation operation is not supported.(code 2004)
2026-02-21 14:28:20,606 [WARNING] root - ERROR: In vtkWin32OpenGLRenderWindow.cxx, line 254
vtkWin32OpenGLRenderWindow (0000026071BA4C80): wglMakeCurrent failed in MakeCurrent(), error: The requested transformation operation is not supported.(code 2004)
2026-02-21 14:28:20,606 [WARNING] root - ERROR: In vtkWin32OpenGLRenderWindow.cxx, line 254
vtkWin32OpenGLRenderWindow (0000026071BA4C80): wglMakeCurrent failed in MakeCurrent(), error: The requested transformation operation is not supported.(code 2004)
2026-02-21 14:28:20,606 [WARNING] root - ERROR: In vtkWin32OpenGLRenderWindow.cxx, line 254
vtkWin32OpenGLRenderWindow (0000026071BA4C80): wglMakeCurrent failed in MakeCurrent(), error: The requested transformation operation is not supported.(code 2004)
2026-02-21 14:28:20,607 [WARNING] root - ERROR: In vtkWin32OpenGLRenderWindow.cxx, line 254
vtkWin32OpenGLRenderWindow (0000026071BA4C80): wglMakeCurrent failed in MakeCurrent(), error: The requested transformation operation is not supported.(code 2004)
2026-02-21 14:28:20,607 [WARNING] root - ERROR: In vtkWin32OpenGLRenderWindow.cxx, line 254
vtkWin32OpenGLRenderWindow (0000026071BA4C80): wglMakeCurrent failed in MakeCurrent(), error: The requested transformation operation is not supported.(code 2004)
2026-02-21 14:28:20,607 [WARNING] root - ERROR: In vtkWin32OpenGLRenderWindow.cxx, line 254
vtkWin32OpenGLRenderWindow (0000026071BA4C80): wglMakeCurrent failed in MakeCurrent(), error: The requested transformation operation is not supported.(code 2004)
2026-02-21 14:28:20,608 [WARNING] root - ERROR: In vtkWin32OpenGLRenderWindow.cxx, line 254
vtkWin32OpenGLRenderWindow (0000026071BA4C80): wglMakeCurrent failed in MakeCurrent(), error: The requested transformation operation is not supported.(code 2004)
2026-02-21 14:28:20,608 [WARNING] root - ERROR: In vtkWin32OpenGLRenderWindow.cxx, line 95
vtkWin32OpenGLRenderWindow (0000026071BA4C80): wglMakeCurrent failed in Clean(), error: 2004
2026-02-21 14:28:20,612 [WARNING] root - ERROR: In vtkWin32OpenGLRenderWindow.cxx, line 254
vtkWin32OpenGLRenderWindow (0000026071BA32B0): wglMakeCurrent failed in MakeCurrent(), error: The requested transformation operation is not supported.(code 2004)
2026-02-21 14:28:20,612 [WARNING] root - ERROR: In vtkWin32OpenGLRenderWindow.cxx, line 254
vtkWin32OpenGLRenderWindow (0000026071BA32B0): wglMakeCurrent failed in MakeCurrent(), error: The requested transformation operation is not supported.(code 2004)
2026-02-21 14:28:20,612 [WARNING] root - ERROR: In vtkWin32OpenGLRenderWindow.cxx, line 254
vtkWin32OpenGLRenderWindow (0000026071BA32B0): wglMakeCurrent failed in MakeCurrent(), error: The requested transformation operation is not supported.(code 2004)
2026-02-21 14:28:20,613 [WARNING] root - ERROR: In vtkWin32OpenGLRenderWindow.cxx, line 254
vtkWin32OpenGLRenderWindow (0000026071BA32B0): wglMakeCurrent failed in MakeCurrent(), error: The requested transformation operation is not supported.(code 2004)
2026-02-21 14:28:20,613 [WARNING] root - ERROR: In vtkWin32OpenGLRenderWindow.cxx, line 254
vtkWin32OpenGLRenderWindow (0000026071BA32B0): wglMakeCurrent failed in MakeCurrent(), error: The requested transformation operation is not supported.(code 2004)
2026-02-21 14:28:20,614 [WARNING] root - ERROR: In vtkWin32OpenGLRenderWindow.cxx, line 254
vtkWin32OpenGLRenderWindow (0000026071BA32B0): wglMakeCurrent failed in MakeCurrent(), error: The requested transformation operation is not supported.(code 2004)
2026-02-21 14:28:20,614 [WARNING] root - ERROR: In vtkWin32OpenGLRenderWindow.cxx, line 254
vtkWin32OpenGLRenderWindow (0000026071BA32B0): wglMakeCurrent failed in MakeCurrent(), error: The requested transformation operation is not supported.(code 2004)
2026-02-21 14:28:20,614 [WARNING] root - ERROR: In vtkWin32OpenGLRenderWindow.cxx, line 254
vtkWin32OpenGLRenderWindow (0000026071BA32B0): wglMakeCurrent failed in MakeCurrent(), error: The requested transformation operation is not supported.(code 2004)
2026-02-21 14:28:20,614 [WARNING] root - ERROR: In vtkWin32OpenGLRenderWindow.cxx, line 254
vtkWin32OpenGLRenderWindow (0000026071BA32B0): wglMakeCurrent failed in MakeCurrent(), error: The requested transformation operation is not supported.(code 2004)
2026-02-21 14:28:20,615 [WARNING] root - ERROR: In vtkWin32OpenGLRenderWindow.cxx, line 254
vtkWin32OpenGLRenderWindow (0000026071BA32B0): wglMakeCurrent failed in MakeCurrent(), error: The requested transformation operation is not supported.(code 2004)
2026-02-21 14:28:20,615 [WARNING] root - ERROR: In vtkWin32OpenGLRenderWindow.cxx, line 254
vtkWin32OpenGLRenderWindow (0000026071BA32B0): wglMakeCurrent failed in MakeCurrent(), error: The requested transformation operation is not supported.(code 2004)
2026-02-21 14:28:20,615 [WARNING] root - ERROR: In vtkWin32OpenGLRenderWindow.cxx, line 254
vtkWin32OpenGLRenderWindow (0000026071BA32B0): wglMakeCurrent failed in MakeCurrent(), error: The requested transformation operation is not supported.(code 2004)
2026-02-21 14:28:20,616 [WARNING] root - ERROR: In vtkWin32OpenGLRenderWindow.cxx, line 254
vtkWin32OpenGLRenderWindow (0000026071BA32B0): wglMakeCurrent failed in MakeCurrent(), error: The requested transformation operation is not supported.(code 2004)
2026-02-21 14:28:20,616 [WARNING] root - ERROR: In vtkWin32OpenGLRenderWindow.cxx, line 254
vtkWin32OpenGLRenderWindow (0000026071BA32B0): wglMakeCurrent failed in MakeCurrent(), error: The requested transformation operation is not supported.(code 2004)
2026-02-21 14:28:20,616 [WARNING] root - ERROR: In vtkWin32OpenGLRenderWindow.cxx, line 254
vtkWin32OpenGLRenderWindow (0000026071BA32B0): wglMakeCurrent failed in MakeCurrent(), error: The requested transformation operation is not supported.(code 2004)
2026-02-21 14:28:20,617 [WARNING] root - ERROR: In vtkWin32OpenGLRenderWindow.cxx, line 254
vtkWin32OpenGLRenderWindow (0000026071BA32B0): wglMakeCurrent failed in MakeCurrent(), error: The requested transformation operation is not supported.(code 2004)
2026-02-21 14:28:20,617 [WARNING] root - ERROR: In vtkWin32OpenGLRenderWindow.cxx, line 95
vtkWin32OpenGLRenderWindow (0000026071BA32B0): wglMakeCurrent failed in Clean(), error: 2004
2026-02-21 14:28:20,621 [WARNING] root - ERROR: In vtkWin32OpenGLRenderWindow.cxx, line 254
vtkWin32OpenGLRenderWindow (0000026071BA3DC0): wglMakeCurrent failed in MakeCurrent(), error: The requested transformation operation is not supported.(code 2004)
2026-02-21 14:28:20,621 [WARNING] root - ERROR: In vtkWin32OpenGLRenderWindow.cxx, line 254
vtkWin32OpenGLRenderWindow (0000026071BA3DC0): wglMakeCurrent failed in MakeCurrent(), error: The requested transformation operation is not supported.(code 2004)
2026-02-21 14:28:20,622 [WARNING] root - ERROR: In vtkWin32OpenGLRenderWindow.cxx, line 254
vtkWin32OpenGLRenderWindow (0000026071BA3DC0): wglMakeCurrent failed in MakeCurrent(), error: The requested transformation operation is not supported.(code 2004)
2026-02-21 14:28:20,622 [WARNING] root - ERROR: In vtkWin32OpenGLRenderWindow.cxx, line 254
vtkWin32OpenGLRenderWindow (0000026071BA3DC0): wglMakeCurrent failed in MakeCurrent(), error: The requested transformation operation is not supported.(code 2004)
2026-02-21 14:28:20,622 [WARNING] root - ERROR: In vtkWin32OpenGLRenderWindow.cxx, line 254
vtkWin32OpenGLRenderWindow (0000026071BA3DC0): wglMakeCurrent failed in MakeCurrent(), error: The requested transformation operation is not supported.(code 2004)
2026-02-21 14:28:20,623 [WARNING] root - ERROR: In vtkWin32OpenGLRenderWindow.cxx, line 254
vtkWin32OpenGLRenderWindow (0000026071BA3DC0): wglMakeCurrent failed in MakeCurrent(), error: The requested transformation operation is not supported.(code 2004)
2026-02-21 14:28:20,623 [WARNING] root - ERROR: In vtkWin32OpenGLRenderWindow.cxx, line 254
vtkWin32OpenGLRenderWindow (0000026071BA3DC0): wglMakeCurrent failed in MakeCurrent(), error: The requested transformation operation is not supported.(code 2004)
2026-02-21 14:28:20,623 [WARNING] root - ERROR: In vtkWin32OpenGLRenderWindow.cxx, line 254
vtkWin32OpenGLRenderWindow (0000026071BA3DC0): wglMakeCurrent failed in MakeCurrent(), error: The requested transformation operation is not supported.(code 2004)
2026-02-21 14:28:20,624 [WARNING] root - ERROR: In vtkWin32OpenGLRenderWindow.cxx, line 254
vtkWin32OpenGLRenderWindow (0000026071BA3DC0): wglMakeCurrent failed in MakeCurrent(), error: The requested transformation operation is not supported.(code 2004)
2026-02-21 14:28:20,624 [WARNING] root - ERROR: In vtkWin32OpenGLRenderWindow.cxx, line 254
vtkWin32OpenGLRenderWindow (0000026071BA3DC0): wglMakeCurrent failed in MakeCurrent(), error: The requested transformation operation is not supported.(code 2004)
2026-02-21 14:28:20,624 [WARNING] root - ERROR: In vtkWin32OpenGLRenderWindow.cxx, line 254
vtkWin32OpenGLRenderWindow (0000026071BA3DC0): wglMakeCurrent failed in MakeCurrent(), error: The requested transformation operation is not supported.(code 2004)
2026-02-21 14:28:20,625 [WARNING] root - ERROR: In vtkWin32OpenGLRenderWindow.cxx, line 254
vtkWin32OpenGLRenderWindow (0000026071BA3DC0): wglMakeCurrent failed in MakeCurrent(), error: The requested transformation operation is not supported.(code 2004)
2026-02-21 14:28:20,625 [WARNING] root - ERROR: In vtkWin32OpenGLRenderWindow.cxx, line 254
vtkWin32OpenGLRenderWindow (0000026071BA3DC0): wglMakeCurrent failed in MakeCurrent(), error: The requested transformation operation is not supported.(code 2004)
2026-02-21 14:28:20,625 [WARNING] root - ERROR: In vtkWin32OpenGLRenderWindow.cxx, line 254
vtkWin32OpenGLRenderWindow (0000026071BA3DC0): wglMakeCurrent failed in MakeCurrent(), error: The requested transformation operation is not supported.(code 2004)
2026-02-21 14:28:20,626 [WARNING] root - ERROR: In vtkWin32OpenGLRenderWindow.cxx, line 254
vtkWin32OpenGLRenderWindow (0000026071BA3DC0): wglMakeCurrent failed in MakeCurrent(), error: The requested transformation operation is not supported.(code 2004)
2026-02-21 14:28:20,626 [WARNING] root - ERROR: In vtkWin32OpenGLRenderWindow.cxx, line 254
vtkWin32OpenGLRenderWindow (0000026071BA3DC0): wglMakeCurrent failed in MakeCurrent(), error: The requested transformation operation is not supported.(code 2004)
2026-02-21 14:28:20,626 [WARNING] root - ERROR: In vtkWin32OpenGLRenderWindow.cxx, line 95
vtkWin32OpenGLRenderWindow (0000026071BA3DC0): wglMakeCurrent failed in Clean(), error: 2004
2026-02-21 14:28:20,630 [WARNING] root - ERROR: In vtkWin32OpenGLRenderWindow.cxx, line 254
vtkWin32OpenGLRenderWindow (0000026071BA3660): wglMakeCurrent failed in MakeCurrent(), error: The requested transformation operation is not supported.(code 2004)
2026-02-21 14:28:20,630 [WARNING] root - ERROR: In vtkWin32OpenGLRenderWindow.cxx, line 254
vtkWin32OpenGLRenderWindow (0000026071BA3660): wglMakeCurrent failed in MakeCurrent(), error: The requested transformation operation is not supported.(code 2004)
2026-02-21 14:28:20,631 [WARNING] root - ERROR: In vtkWin32OpenGLRenderWindow.cxx, line 254
vtkWin32OpenGLRenderWindow (0000026071BA3660): wglMakeCurrent failed in MakeCurrent(), error: The requested transformation operation is not supported.(code 2004)
2026-02-21 14:28:20,631 [WARNING] root - ERROR: In vtkWin32OpenGLRenderWindow.cxx, line 254
vtkWin32OpenGLRenderWindow (0000026071BA3660): wglMakeCurrent failed in MakeCurrent(), error: The requested transformation operation is not supported.(code 2004)
2026-02-21 14:28:20,631 [WARNING] root - ERROR: In vtkWin32OpenGLRenderWindow.cxx, line 254
vtkWin32OpenGLRenderWindow (0000026071BA3660): wglMakeCurrent failed in MakeCurrent(), error: The requested transformation operation is not supported.(code 2004)
2026-02-21 14:28:20,632 [WARNING] root - ERROR: In vtkWin32OpenGLRenderWindow.cxx, line 254
vtkWin32OpenGLRenderWindow (0000026071BA3660): wglMakeCurrent failed in MakeCurrent(), error: The requested transformation operation is not supported.(code 2004)
2026-02-21 14:28:20,632 [WARNING] root - ERROR: In vtkWin32OpenGLRenderWindow.cxx, line 254
vtkWin32OpenGLRenderWindow (0000026071BA3660): wglMakeCurrent failed in MakeCurrent(), error: The requested transformation operation is not supported.(code 2004)
2026-02-21 14:28:20,632 [WARNING] root - ERROR: In vtkWin32OpenGLRenderWindow.cxx, line 254
vtkWin32OpenGLRenderWindow (0000026071BA3660): wglMakeCurrent failed in MakeCurrent(), error: The requested transformation operation is not supported.(code 2004)
2026-02-21 14:28:20,633 [WARNING] root - ERROR: In vtkWin32OpenGLRenderWindow.cxx, line 254
vtkWin32OpenGLRenderWindow (0000026071BA3660): wglMakeCurrent failed in MakeCurrent(), error: The requested transformation operation is not supported.(code 2004)
2026-02-21 14:28:20,633 [WARNING] root - ERROR: In vtkWin32OpenGLRenderWindow.cxx, line 254
vtkWin32OpenGLRenderWindow (0000026071BA3660): wglMakeCurrent failed in MakeCurrent(), error: The requested transformation operation is not supported.(code 2004)
2026-02-21 14:28:20,633 [WARNING] root - ERROR: In vtkWin32OpenGLRenderWindow.cxx, line 254
vtkWin32OpenGLRenderWindow (0000026071BA3660): wglMakeCurrent failed in MakeCurrent(), error: The requested transformation operation is not supported.(code 2004)
2026-02-21 14:28:20,634 [WARNING] root - ERROR: In vtkWin32OpenGLRenderWindow.cxx, line 254
vtkWin32OpenGLRenderWindow (0000026071BA3660): wglMakeCurrent failed in MakeCurrent(), error: The requested transformation operation is not supported.(code 2004)
2026-02-21 14:28:20,634 [WARNING] root - ERROR: In vtkWin32OpenGLRenderWindow.cxx, line 254
vtkWin32OpenGLRenderWindow (0000026071BA3660): wglMakeCurrent failed in MakeCurrent(), error: The requested transformation operation is not supported.(code 2004)
2026-02-21 14:28:20,634 [WARNING] root - ERROR: In vtkWin32OpenGLRenderWindow.cxx, line 254
vtkWin32OpenGLRenderWindow (0000026071BA3660): wglMakeCurrent failed in MakeCurrent(), error: The requested transformation operation is not supported.(code 2004)
2026-02-21 14:28:20,635 [WARNING] root - ERROR: In vtkWin32OpenGLRenderWindow.cxx, line 254
vtkWin32OpenGLRenderWindow (0000026071BA3660): wglMakeCurrent failed in MakeCurrent(), error: The requested transformation operation is not supported.(code 2004)
2026-02-21 14:28:20,635 [WARNING] root - ERROR: In vtkWin32OpenGLRenderWindow.cxx, line 254
vtkWin32OpenGLRenderWindow (0000026071BA3660): wglMakeCurrent failed in MakeCurrent(), error: The requested transformation operation is not supported.(code 2004)
2026-02-21 14:28:20,635 [WARNING] root - ERROR: In vtkWin32OpenGLRenderWindow.cxx, line 95
vtkWin32OpenGLRenderWindow (0000026071BA3660): wglMakeCurrent failed in Clean(), error: 2004
2026-02-21 14:28:20,638 [WARNING] root - ERROR: In vtkWin32OpenGLRenderWindow.cxx, line 254
vtkWin32OpenGLRenderWindow (0000026071BA6A00): wglMakeCurrent failed in MakeCurrent(), error: The requested transformation operation is not supported.(code 2004)
2026-02-21 14:28:20,638 [WARNING] root - ERROR: In vtkWin32OpenGLRenderWindow.cxx, line 254
vtkWin32OpenGLRenderWindow (0000026071BA6A00): wglMakeCurrent failed in MakeCurrent(), error: The requested transformation operation is not supported.(code 2004)
2026-02-21 14:28:20,639 [WARNING] root - ERROR: In vtkWin32OpenGLRenderWindow.cxx, line 254
vtkWin32OpenGLRenderWindow (0000026071BA6A00): wglMakeCurrent failed in MakeCurrent(), error: The requested transformation operation is not supported.(code 2004)
2026-02-21 14:28:20,639 [WARNING] root - ERROR: In vtkWin32OpenGLRenderWindow.cxx, line 254
vtkWin32OpenGLRenderWindow (0000026071BA6A00): wglMakeCurrent failed in MakeCurrent(), error: The requested transformation operation is not supported.(code 2004)
2026-02-21 14:28:20,639 [WARNING] root - ERROR: In vtkWin32OpenGLRenderWindow.cxx, line 254
vtkWin32OpenGLRenderWindow (0000026071BA6A00): wglMakeCurrent failed in MakeCurrent(), error: The requested transformation operation is not supported.(code 2004)
2026-02-21 14:28:20,640 [WARNING] root - ERROR: In vtkWin32OpenGLRenderWindow.cxx, line 254
vtkWin32OpenGLRenderWindow (0000026071BA6A00): wglMakeCurrent failed in MakeCurrent(), error: The requested transformation operation is not supported.(code 2004)
2026-02-21 14:28:20,640 [WARNING] root - ERROR: In vtkWin32OpenGLRenderWindow.cxx, line 254
vtkWin32OpenGLRenderWindow (0000026071BA6A00): wglMakeCurrent failed in MakeCurrent(), error: The requested transformation operation is not supported.(code 2004)
2026-02-21 14:28:20,640 [WARNING] root - ERROR: In vtkWin32OpenGLRenderWindow.cxx, line 254
vtkWin32OpenGLRenderWindow (0000026071BA6A00): wglMakeCurrent failed in MakeCurrent(), error: The requested transformation operation is not supported.(code 2004)
2026-02-21 14:28:20,641 [WARNING] root - ERROR: In vtkWin32OpenGLRenderWindow.cxx, line 254
vtkWin32OpenGLRenderWindow (0000026071BA6A00): wglMakeCurrent failed in MakeCurrent(), error: The requested transformation operation is not supported.(code 2004)
2026-02-21 14:28:20,641 [WARNING] root - ERROR: In vtkWin32OpenGLRenderWindow.cxx, line 254
vtkWin32OpenGLRenderWindow (0000026071BA6A00): wglMakeCurrent failed in MakeCurrent(), error: The requested transformation operation is not supported.(code 2004)
2026-02-21 14:28:20,641 [WARNING] root - ERROR: In vtkWin32OpenGLRenderWindow.cxx, line 254
vtkWin32OpenGLRenderWindow (0000026071BA6A00): wglMakeCurrent failed in MakeCurrent(), error: The requested transformation operation is not supported.(code 2004)
2026-02-21 14:28:20,642 [WARNING] root - ERROR: In vtkWin32OpenGLRenderWindow.cxx, line 254
vtkWin32OpenGLRenderWindow (0000026071BA6A00): wglMakeCurrent failed in MakeCurrent(), error: The requested transformation operation is not supported.(code 2004)
2026-02-21 14:28:20,642 [WARNING] root - ERROR: In vtkWin32OpenGLRenderWindow.cxx, line 254
vtkWin32OpenGLRenderWindow (0000026071BA6A00): wglMakeCurrent failed in MakeCurrent(), error: The requested transformation operation is not supported.(code 2004)
2026-02-21 14:28:20,642 [WARNING] root - ERROR: In vtkWin32OpenGLRenderWindow.cxx, line 254
vtkWin32OpenGLRenderWindow (0000026071BA6A00): wglMakeCurrent failed in MakeCurrent(), error: The requested transformation operation is not supported.(code 2004)
2026-02-21 14:28:20,642 [WARNING] root - ERROR: In vtkWin32OpenGLRenderWindow.cxx, line 254
vtkWin32OpenGLRenderWindow (0000026071BA6A00): wglMakeCurrent failed in MakeCurrent(), error: The requested transformation operation is not supported.(code 2004)
2026-02-21 14:28:20,643 [WARNING] root - ERROR: In vtkWin32OpenGLRenderWindow.cxx, line 254
vtkWin32OpenGLRenderWindow (0000026071BA6A00): wglMakeCurrent failed in MakeCurrent(), error: The requested transformation operation is not supported.(code 2004)
2026-02-21 14:28:20,643 [WARNING] root - ERROR: In vtkWin32OpenGLRenderWindow.cxx, line 95
vtkWin32OpenGLRenderWindow (0000026071BA6A00): wglMakeCurrent failed in Clean(), error: 2004
2026-02-21 14:28:20,647 [WARNING] root - ERROR: In vtkWin32OpenGLRenderWindow.cxx, line 254
vtkWin32OpenGLRenderWindow (0000026071B9FF10): wglMakeCurrent failed in MakeCurrent(), error: The requested transformation operation is not supported.(code 2004)
2026-02-21 14:28:20,647 [WARNING] root - ERROR: In vtkWin32OpenGLRenderWindow.cxx, line 254
vtkWin32OpenGLRenderWindow (0000026071B9FF10): wglMakeCurrent failed in MakeCurrent(), error: The requested transformation operation is not supported.(code 2004)
2026-02-21 14:28:20,647 [WARNING] root - ERROR: In vtkWin32OpenGLRenderWindow.cxx, line 254
vtkWin32OpenGLRenderWindow (0000026071B9FF10): wglMakeCurrent failed in MakeCurrent(), error: The requested transformation operation is not supported.(code 2004)
2026-02-21 14:28:20,648 [WARNING] root - ERROR: In vtkWin32OpenGLRenderWindow.cxx, line 254
vtkWin32OpenGLRenderWindow (0000026071B9FF10): wglMakeCurrent failed in MakeCurrent(), error: The requested transformation operation is not supported.(code 2004)
2026-02-21 14:28:20,648 [WARNING] root - ERROR: In vtkWin32OpenGLRenderWindow.cxx, line 254
vtkWin32OpenGLRenderWindow (0000026071B9FF10): wglMakeCurrent failed in MakeCurrent(), error: The requested transformation operation is not supported.(code 2004)
2026-02-21 14:28:20,648 [WARNING] root - ERROR: In vtkWin32OpenGLRenderWindow.cxx, line 254
vtkWin32OpenGLRenderWindow (0000026071B9FF10): wglMakeCurrent failed in MakeCurrent(), error: The requested transformation operation is not supported.(code 2004)
2026-02-21 14:28:20,649 [WARNING] root - ERROR: In vtkWin32OpenGLRenderWindow.cxx, line 254
vtkWin32OpenGLRenderWindow (0000026071B9FF10): wglMakeCurrent failed in MakeCurrent(), error: The requested transformation operation is not supported.(code 2004)
2026-02-21 14:28:20,649 [WARNING] root - ERROR: In vtkWin32OpenGLRenderWindow.cxx, line 254
vtkWin32OpenGLRenderWindow (0000026071B9FF10): wglMakeCurrent failed in MakeCurrent(), error: The requested transformation operation is not supported.(code 2004)
2026-02-21 14:28:20,649 [WARNING] root - ERROR: In vtkWin32OpenGLRenderWindow.cxx, line 254
vtkWin32OpenGLRenderWindow (0000026071B9FF10): wglMakeCurrent failed in MakeCurrent(), error: The requested transformation operation is not supported.(code 2004)
2026-02-21 14:28:20,650 [WARNING] root - ERROR: In vtkWin32OpenGLRenderWindow.cxx, line 254
vtkWin32OpenGLRenderWindow (0000026071B9FF10): wglMakeCurrent failed in MakeCurrent(), error: The requested transformation operation is not supported.(code 2004)
2026-02-21 14:28:20,650 [WARNING] root - ERROR: In vtkWin32OpenGLRenderWindow.cxx, line 254
vtkWin32OpenGLRenderWindow (0000026071B9FF10): wglMakeCurrent failed in MakeCurrent(), error: The requested transformation operation is not supported.(code 2004)
2026-02-21 14:28:20,650 [WARNING] root - ERROR: In vtkWin32OpenGLRenderWindow.cxx, line 254
vtkWin32OpenGLRenderWindow (0000026071B9FF10): wglMakeCurrent failed in MakeCurrent(), error: The requested transformation operation is not supported.(code 2004)
2026-02-21 14:28:20,654 [WARNING] root - ERROR: In vtkWin32OpenGLRenderWindow.cxx, line 254
vtkWin32OpenGLRenderWindow (0000026071B9FF10): wglMakeCurrent failed in MakeCurrent(), error: The requested transformation operation is not supported.(code 2004)
2026-02-21 14:28:20,656 [WARNING] root - ERROR: In vtkWin32OpenGLRenderWindow.cxx, line 254
vtkWin32OpenGLRenderWindow (0000026071B9FF10): wglMakeCurrent failed in MakeCurrent(), error: The requested transformation operation is not supported.(code 2004)
2026-02-21 14:28:20,658 [WARNING] root - ERROR: In vtkWin32OpenGLRenderWindow.cxx, line 254
vtkWin32OpenGLRenderWindow (0000026071B9FF10): wglMakeCurrent failed in MakeCurrent(), error: The requested transformation operation is not supported.(code 2004)
2026-02-21 14:28:20,659 [WARNING] root - ERROR: In vtkWin32OpenGLRenderWindow.cxx, line 254
vtkWin32OpenGLRenderWindow (0000026071B9FF10): wglMakeCurrent failed in MakeCurrent(), error: The requested transformation operation is not supported.(code 2004)
2026-02-21 14:28:20,660 [WARNING] root - ERROR: In vtkWin32OpenGLRenderWindow.cxx, line 95
vtkWin32OpenGLRenderWindow (0000026071B9FF10): wglMakeCurrent failed in Clean(), error: 2004
2026-02-21 14:31:50,353 [INFO] senashipping_app.config.settings - Logging initialized. DB at E:\Python\Sena\senashipping_app\senashipping_app_data\senashipping.db
2026-02-21 14:34:22,058 [INFO] senashipping_app.config.settings - Logging initialized. DB at E:\Python\Sena\senashipping_app\senashipping_app_data\senashipping.db
2026-02-21 23:49:57,109 [INFO] senashipping_app.config.settings - Logging initialized. DB at E:\Python\Sena\senashipping_app\senashipping_app_data\senashipping.db
2026-02-21 23:54:07,803 [INFO] senashipping_app.config.settings - Logging initialized. DB at E:\Python\Sena\senashipping_app\senashipping_app_data\senashipping.db
2026-02-22 00:01:34,467 [INFO] senashipping_app.config.settings - Logging initialized. DB at E:\Python\Sena\senashipping_app\senashipping_app_data\senashipping.db
2026-02-22 14:30:28,915 [INFO] senashipping_app.config.settings - Logging initialized. DB at D:\New folder\Sena\Project\senashipping-app\senashipping_app_data\senashipping.db
2026-02-22 14:32:33,026 [INFO] senashipping_app.config.settings - Logging initialized. DB at D:\New folder\Sena\Project\senashipping-app\senashipping_app_data\senashipping.db
2026-02-22 14:37:10,015 [INFO] senashipping_app.config.settings - Logging initialized. DB at D:\New folder\Sena\Project\senashipping-app\senashipping_app_data\senashipping.db
2026-02-22 14:41:45,701 [INFO] senashipping_app.config.settings - Logging initialized. DB at D:\New folder\Sena\Project\senashipping-app\senashipping_app_data\senashipping.db
2026-02-22 14:43:28,454 [INFO] senashipping_app.config.settings - Logging initialized. DB at D:\New folder\Sena\Project\senashipping-app\senashipping_app_data\senashipping.db
2026-02-22 14:46:00,895 [INFO] senashipping_app.config.settings - Logging initialized. DB at D:\New folder\Sena\Project\senashipping-app\senashipping_app_data\senashipping.db
2026-02-22 14:48:28,761 [INFO] senashipping_app.config.settings - Logging initialized. DB at D:\New folder\Sena\Project\senashipping-app\senashipping_app_data\senashipping.db
2026-02-22 14:59:16,618 [INFO] senashipping_app.config.settings - Logging initialized. DB at D:\New folder\Sena\Project\senashipping-app\senashipping_app_data\senashipping.db
2026-02-22 15:04:02,984 [INFO] senashipping_app.config.settings - Logging initialized. DB at D:\New folder\Sena\Project\senashipping-app\senashipping_app_data\senashipping.db
2026-02-22 15:08:36,248 [INFO] senashipping_app.config.settings - Logging initialized. DB at D:\New folder\Sena\Project\senashipping-app\senashipping_app_data\senashipping.db
2026-02-22 15:12:25,850 [INFO] senashipping_app.config.settings - Logging initialized. DB at D:\New folder\Sena\Project\senashipping-app\senashipping_app_data\senashipping.db
2026-02-22 15:25:02,042 [INFO] senashipping_app.config.settings - Logging initialized. DB at D:\New folder\Sena\Project\senashipping-app\senashipping_app_data\senashipping.db
2026-02-22 15:26:58,657 [INFO] senashipping_app.config.settings - Logging initialized. DB at D:\New folder\Sena\Project\senashipping-app\senashipping_app_data\senashipping.db
2026-02-22 15:29:13,576 [INFO] senashipping_app.config.settings - Logging initialized. DB at D:\New folder\Sena\Project\senashipping-app\senashipping_app_data\senashipping.db
2026-02-22 15:30:45,518 [INFO] senashipping_app.config.settings - Logging initialized. DB at D:\New folder\Sena\Project\senashipping-app\senashipping_app_data\senashipping.db
2026-02-22 15:34:17,970 [INFO] senashipping_app.config.settings - Logging initialized. DB at D:\New folder\Sena\Project\senashipping-app\senashipping_app_data\senashipping.db
2026-02-22 15:37:58,139 [INFO] senashipping_app.config.settings - Logging initialized. DB at D:\New folder\Sena\Project\senashipping-app\senashipping_app_data\senashipping.db
2026-02-22 15:44:26,816 [INFO] senashipping_app.config.settings - Logging initialized. DB at D:\New folder\Sena\Project\senashipping-app\senashipping_app_data\senashipping.db
2026-02-22 15:50:20,141 [INFO] senashipping_app.config.settings - Logging initialized. DB at D:\New folder\Sena\Project\senashipping-app\senashipping_app_data\senashipping.db
2026-02-22 15:54:34,011 [INFO] senashipping_app.config.settings - Logging initialized. DB at D:\New folder\Sena\Project\senashipping-app\senashipping_app_data\senashipping.db
2026-02-22 15:59:00,045 [INFO] senashipping_app.config.settings - Logging initialized. DB at D:\New folder\Sena\Project\senashipping-app\senashipping_app_data\senashipping.db
2026-02-22 16:05:02,786 [INFO] senashipping_app.config.settings - Logging initialized. DB at D:\New folder\Sena\Project\senashipping-app\senashipping_app_data\senashipping.db
2026-02-22 18:05:55,385 [INFO] senashipping_app.config.settings - Logging initialized. DB at E:\Python\Sena\senashipping_app\senashipping_app_data\senashipping.db
2026-02-22 18:08:05,868 [INFO] senashipping_app.config.settings - Logging initialized. DB at E:\Python\Sena\senashipping_app\senashipping_app_data\senashipping.db
2026-02-22 18:13:22,797 [INFO] senashipping_app.config.settings - Logging initialized. DB at E:\Python\Sena\senashipping_app\senashipping_app_data\senashipping.db
2026-02-22 18:35:33,952 [INFO] senashipping_app.config.settings - Logging initialized. DB at E:\Python\Sena\senashipping_app\senashipping_app_data\senashipping.db
2026-02-22 18:46:08,273 [INFO] senashipping_app.config.settings - Logging initialized. DB at E:\Python\Sena\senashipping_app\senashipping_app_data\senashipping.db
2026-02-22 18:50:33,190 [INFO] senashipping_app.config.settings - Logging initialized. DB at E:\Python\Sena\senashipping_app\senashipping_app_data\senashipping.db
2026-02-22 18:58:23,708 [INFO] senashipping_app.config.settings - Logging initialized. DB at E:\Python\Sena\senashipping_app\senashipping_app_data\senashipping.db
2026-02-22 19:04:58,015 [INFO] senashipping_app.config.settings - Logging initialized. DB at E:\Python\Sena\senashipping_app\senashipping_app_data\senashipping.db
2026-02-22 19:09:18,487 [INFO] senashipping_app.config.settings - Logging initialized. DB at E:\Python\Sena\senashipping_app\senashipping_app_data\senashipping.db
2026-02-22 19:12:36,622 [INFO] senashipping_app.config.settings - Logging initialized. DB at E:\Python\Sena\senashipping_app\senashipping_app_data\senashipping.db
2026-02-22 19:20:21,693 [INFO] senashipping_app.config.settings - Logging initialized. DB at E:\Python\Sena\senashipping_app\senashipping_app_data\senashipping.db
2026-02-22 19:26:34,932 [INFO] senashipping_app.config.settings - Logging initialized. DB at E:\Python\Sena\senashipping_app\senashipping_app_data\senashipping.db
2026-02-22 19:28:26,417 [INFO] senashipping_app.config.settings - Logging initialized. DB at E:\Python\Sena\senashipping_app\senashipping_app_data\senashipping.db
2026-02-22 19:31:52,455 [INFO] senashipping_app.config.settings - Logging initialized. DB at E:\Python\Sena\senashipping_app\senashipping_app_data\senashipping.db
2026-02-22 19:39:03,777 [INFO] senashipping_app.config.settings - Logging initialized. DB at E:\Python\Sena\senashipping_app\senashipping_app_data\senashipping.db
2026-02-22 19:43:28,110 [INFO] senashipping_app.config.settings - Logging initialized. DB at E:\Python\Sena\senashipping_app\senashipping_app_data\senashipping.db
2026-02-22 19:47:32,838 [INFO] senashipping_app.config.settings - Logging initialized. DB at E:\Python\Sena\senashipping_app\senashipping_app_data\senashipping.db
2026-02-22 19:50:37,420 [INFO] senashipping_app.config.settings - Logging initialized. DB at E:\Python\Sena\senashipping_app\senashipping_app_data\senashipping.db
2026-02-22 19:55:48,618 [INFO] senashipping_app.config.settings - Logging initialized. DB at E:\Python\Sena\senashipping_app\senashipping_app_data\senashipping.db
2026-02-22 19:59:19,662 [INFO] senashipping_app.config.settings - Logging initialized. DB at E:\Python\Sena\senashipping_app\senashipping_app_data\senashipping.db
2026-02-22 20:31:13,414 [INFO] senashipping_app.config.settings - Logging initialized. DB at E:\Python\Sena\senashipping_app\senashipping_app_data\senashipping.db
2026-02-22 20:38:25,038 [INFO] senashipping_app.config.settings - Logging initialized. DB at E:\Python\Sena\senashipping_app\senashipping_app_data\senashipping.db
2026-02-22 20:42:20,907 [INFO] senashipping_app.config.settings - Logging initialized. DB at E:\Python\Sena\senashipping_app\senashipping_app_data\senashipping.db
2026-02-22 20:43:41,771 [INFO] senashipping_app.config.settings - Logging initialized. DB at E:\Python\Sena\senashipping_app\senashipping_app_data\senashipping.db
2026-02-22 20:46:44,052 [INFO] senashipping_app.config.settings - Logging initialized. DB at E:\Python\Sena\senashipping_app\senashipping_app_data\senashipping.db
2026-02-22 20:50:04,432 [INFO] senashipping_app.config.settings - Logging initialized. DB at E:\Python\Sena\senashipping_app\senashipping_app_data\senashipping.db
2026-02-22 20:58:54,323 [INFO] senashipping_app.config.settings - Logging initialized. DB at E:\Python\Sena\senashipping_app\senashipping_app_data\senashipping.db
2026-02-22 21:01:41,775 [INFO] senashipping_app.config.settings - Logging initialized. DB at E:\Python\Sena\senashipping_app\senashipping_app_data\senashipping.db
2026-02-22 21:02:02,041 [INFO] senashipping_app.config.settings - Logging initialized. DB at E:\Python\Sena\senashipping_app\senashipping_app_data\senashipping.db
2026-02-22 21:07:08,163 [INFO] senashipping_app.config.settings - Logging initialized. DB at E:\Python\Sena\senashipping_app\senashipping_app_data\senashipping.db
2026-02-22 21:54:57,438 [INFO] senashipping_app.config.settings - Logging initialized. DB at E:\Python\Sena\senashipping_app\senashipping_app_data\senashipping.db
2026-02-22 21:58:48,925 [INFO] senashipping_app.config.settings - Logging initialized. DB at E:\Python\Sena\senashipping_app\senashipping_app_data\senashipping.db
2026-02-22 22:00:48,889 [INFO] senashipping_app.config.settings - Logging initialized. DB at E:\Python\Sena\senashipping_app\senashipping_app_data\senashipping.db
2026-02-23 09:58:21,539 [INFO] senashipping_app.config.settings - Logging initialized. DB at D:\New folder\Sena\Project\senashipping-app\senashipping_app_data\senashipping.db
2026-02-23 10:04:20,799 [INFO] senashipping_app.config.settings - Logging initialized. DB at D:\New folder\Sena\Project\senashipping-app\senashipping_app_data\senashipping.db
2026-02-23 10:30:04,301 [INFO] senashipping_app.config.settings - Logging initialized. DB at D:\New folder\Sena\Project\senashipping-app\senashipping_app_data\senashipping.db
2026-02-23 10:40:56,983 [INFO] senashipping_app.config.settings - Logging initialized. DB at D:\New folder\Sena\Project\senashipping-app\senashipping_app_data\senashipping.db
2026-02-23 10:42:40,149 [INFO] senashipping_app.config.settings - Logging initialized. DB at D:\New folder\Sena\Project\senashipping-app\senashipping_app_data\senashipping.db
2026-02-23 10:54:22,346 [INFO] senashipping_app.config.settings - Logging initialized. DB at D:\New folder\Sena\Project\senashipping-app\senashipping_app_data\senashipping.db
2026-02-23 10:56:22,563 [INFO] senashipping_app.config.settings - Logging initialized. DB at D:\New folder\Sena\Project\senashipping-app\senashipping_app_data\senashipping.db
2026-02-23 10:59:45,416 [INFO] senashipping_app.config.settings - Logging initialized. DB at D:\New folder\Sena\Project\senashipping-app\senashipping_app_data\senashipping.db
2026-02-23 11:05:49,678 [INFO] senashipping_app.config.settings - Logging initialized. DB at D:\New folder\Sena\Project\senashipping-app\senashipping_app_data\senashipping.db
2026-02-23 11:11:15,499 [INFO] senashipping_app.config.settings - Logging initialized. DB at D:\New folder\Sena\Project\senashipping-app\senashipping_app_data\senashipping.db
2026-02-23 11:15:19,238 [INFO] senashipping_app.config.settings - Logging initialized. DB at D:\New folder\Sena\Project\senashipping-app\senashipping_app_data\senashipping.db
2026-02-23 11:26:54,970 [INFO] senashipping_app.config.settings - Logging initialized. DB at D:\New folder\Sena\Project\senashipping-app\senashipping_app_data\senashipping.db
2026-02-23 11:35:08,782 [INFO] senashipping_app.config.settings - Logging initialized. DB at D:\New folder\Sena\Project\senashipping-app\senashipping_app_data\senashipping.db
2026-02-23 11:40:25,308 [INFO] senashipping_app.config.settings - Logging initialized. DB at D:\New folder\Sena\Project\senashipping-app\senashipping_app_data\senashipping.db
2026-02-23 11:46:41,414 [INFO] senashipping_app.config.settings - Logging initialized. DB at D:\New folder\Sena\Project\senashipping-app\senashipping_app_data\senashipping.db
2026-02-23 12:39:10,359 [INFO] senashipping_app.config.settings - Logging initialized. DB at D:\New folder\Sena\Project\senashipping-app\senashipping_app_data\senashipping.db
2026-02-23 13:22:19,529 [INFO] senashipping_app.config.settings - Logging initialized. DB at D:\New folder\Sena\Project\senashipping-app\senashipping_app_data\senashipping.db
2026-02-23 13:28:21,288 [INFO] senashipping_app.config.settings - Logging initialized. DB at D:\New folder\Sena\Project\senashipping-app\senashipping_app_data\senashipping.db
2026-02-23 14:00:18,913 [INFO] senashipping_app.config.settings - Logging initialized. DB at D:\New folder\Sena\Project\senashipping-app\senashipping_app_data\senashipping.db
2026-02-23 14:34:57,370 [INFO] senashipping_app.config.settings - Logging initialized. DB at D:\New folder\Sena\Project\senashipping-app\senashipping_app_data\senashipping.db
2026-02-23 14:47:02,159 [INFO] senashipping_app.config.settings - Logging initialized. DB at D:\New folder\Sena\Project\senashipping-app\senashipping_app_data\senashipping.db
2026-02-23 14:58:37,133 [INFO] senashipping_app.config.settings - Logging initialized. DB at D:\New folder\Sena\Project\senashipping-app\senashipping_app_data\senashipping.db
2026-02-23 15:15:45,592 [INFO] senashipping_app.config.settings - Logging initialized. DB at D:\New folder\Sena\Project\senashipping-app\senashipping_app_data\senashipping.db
2026-02-23 15:20:50,329 [INFO] senashipping_app.config.settings - Logging initialized. DB at D:\New folder\Sena\Project\senashipping-app\senashipping_app_data\senashipping.db
2026-02-23 15:26:52,609 [INFO] senashipping_app.config.settings - Logging initialized. DB at D:\New folder\Sena\Project\senashipping-app\senashipping_app_data\senashipping.db
2026-02-23 15:35:42,321 [INFO] senashipping_app.config.settings - Logging initialized. DB at D:\New folder\Sena\Project\senashipping-app\senashipping_app_data\senashipping.db
2026-02-24 09:46:26,463 [INFO] senashipping_app.config.settings - Logging initialized. DB at D:\New folder\Sena\Project\senashipping-app\senashipping_app_data\senashipping.db
2026-02-24 09:54:59,957 [INFO] senashipping_app.config.settings - Logging initialized. DB at D:\New folder\Sena\Project\senashipping-app\senashipping_app_data\senashipping.db
2026-02-24 10:03:19,073 [INFO] senashipping_app.config.settings - Logging initialized. DB at D:\New folder\Sena\Project\senashipping-app\senashipping_app_data\senashipping.db
2026-02-24 10:13:27,031 [INFO] senashipping_app.config.settings - Logging initialized. DB at D:\New folder\Sena\Project\senashipping-app\senashipping_app_data\senashipping.db
2026-02-24 10:21:18,231 [INFO] senashipping_app.config.settings - Logging initialized. DB at D:\New folder\Sena\Project\senashipping-app\senashipping_app_data\senashipping.db
2026-02-24 10:57:35,365 [INFO] senashipping_app.config.settings - Logging initialized. DB at D:\New folder\Sena\Project\senashipping-app\senashipping_app_data\senashipping.db
2026-02-24 11:03:15,825 [INFO] senashipping_app.config.settings - Logging initialized. DB at D:\New folder\Sena\Project\senashipping-app\senashipping_app_data\senashipping.db
2026-02-24 11:12:15,091 [INFO] senashipping_app.config.settings - Logging initialized. DB at D:\New folder\Sena\Project\senashipping-app\senashipping_app_data\senashipping.db
2026-02-24 11:42:41,240 [INFO] senashipping_app.config.settings - Logging initialized. DB at D:\New folder\Sena\Project\senashipping-app\senashipping_app_data\senashipping.db
2026-02-24 11:44:37,800 [INFO] senashipping_app.config.settings - Logging initialized. DB at D:\New folder\Sena\Project\senashipping-app\senashipping_app_data\senashipping.db
2026-02-24 12:35:07,423 [INFO] senashipping_app.config.settings - Logging initialized. DB at D:\New folder\Sena\Project\senashipping-app\senashipping_app_data\senashipping.db
2026-02-24 12:48:57,632 [INFO] senashipping_app.config.settings - Logging initialized. DB at D:\New folder\Sena\Project\senashipping-app\senashipping_app_data\senashipping.db
2026-02-24 13:32:00,290 [INFO] senashipping_app.config.settings - Logging initialized. DB at D:\New folder\Sena\Project\senashipping-app\senashipping_app_data\senashipping.db
2026-02-24 13:40:24,092 [INFO] senashipping_app.config.settings - Logging initialized. DB at D:\New folder\Sena\Project\senashipping-app\senashipping_app_data\senashipping.db
2026-02-24 13:41:41,805 [INFO] senashipping_app.config.settings - Logging initialized. DB at D:\New folder\Sena\Project\senashipping-app\senashipping_app_data\senashipping.db
2026-02-24 13:49:12,135 [INFO] senashipping_app.config.settings - Logging initialized. DB at D:\New folder\Sena\Project\senashipping-app\senashipping_app_data\senashipping.db
2026-02-24 13:58:29,495 [INFO] senashipping_app.config.settings - Logging initialized. DB at D:\New folder\Sena\Project\senashipping-app\senashipping_app_data\senashipping.db
2026-02-24 14:06:21,128 [INFO] senashipping_app.config.settings - Logging initialized. DB at D:\New folder\Sena\Project\senashipping-app\senashipping_app_data\senashipping.db
2026-02-24 14:09:57,990 [INFO] senashipping_app.config.settings - Logging initialized. DB at D:\New folder\Sena\Project\senashipping-app\senashipping_app_data\senashipping.db
2026-02-24 14:12:19,969 [INFO] senashipping_app.config.settings - Logging initialized. DB at D:\New folder\Sena\Project\senashipping-app\senashipping_app_data\senashipping.db
2026-02-24 14:23:03,545 [INFO] senashipping_app.config.settings - Logging initialized. DB at D:\New folder\Sena\Project\senashipping-app\senashipping_app_data\senashipping.db
2026-02-24 14:39:15,678 [INFO] senashipping_app.config.settings - Logging initialized. DB at D:\New folder\Sena\Project\senashipping-app\senashipping_app_data\senashipping.db
2026-02-24 14:42:35,091 [INFO] senashipping_app.config.settings - Logging initialized. DB at D:\New folder\Sena\Project\senashipping-app\senashipping_app_data\senashipping.db
2026-02-24 14:45:29,512 [INFO] senashipping_app.config.settings - Logging initialized. DB at D:\New folder\Sena\Project\senashipping-app\senashipping_app_data\senashipping.db
2026-02-24 14:53:40,755 [INFO] senashipping_app.config.settings - Logging initialized. DB at D:\New folder\Sena\Project\senashipping-app\senashipping_app_data\senashipping.db
2026-02-24 14:58:43,547 [INFO] senashipping_app.config.settings - Logging initialized. DB at D:\New folder\Sena\Project\senashipping-app\senashipping_app_data\senashipping.db
2026-02-24 15:03:15,199 [INFO] senashipping_app.config.settings - Logging initialized. DB at D:\New folder\Sena\Project\senashipping-app\senashipping_app_data\senashipping.db
2026-02-24 15:06:26,236 [INFO] senashipping_app.config.settings - Logging initialized. DB at D:\New folder\Sena\Project\senashipping-app\senashipping_app_data\senashipping.db
2026-02-24 15:28:31,582 [INFO] senashipping_app.config.settings - Logging initialized. DB at D:\New folder\Sena\Project\senashipping-app\senashipping_app_data\senashipping.db
2026-02-24 15:32:29,082 [INFO] senashipping_app.config.settings - Logging initialized. DB at D:\New folder\Sena\Project\senashipping-app\senashipping_app_data\senashipping.db
2026-02-24 15:35:16,664 [INFO] senashipping_app.config.settings - Logging initialized. DB at D:\New folder\Sena\Project\senashipping-app\senashipping_app_data\senashipping.db
2026-02-24 15:36:07,548 [INFO] senashipping_app.config.settings - Logging initialized. DB at D:\New folder\Sena\Project\senashipping-app\senashipping_app_data\senashipping.db
2026-02-24 15:38:55,928 [INFO] senashipping_app.config.settings - Logging initialized. DB at D:\New folder\Sena\Project\senashipping-app\senashipping_app_data\senashipping.db
